[32mNo patches found for cweagans/composer-patches.[39m
[32mGathering patches for root package.[39m
[32mGathering patches for dependencies. This might take a minute.[39m
[32mFound 10 patches for drupal/core.[39m
[32mNo patches found for drupal-composer/drupal-scaffold.[39m
[32mPatches already gathered. Skipping[39m
[32mNo patches found for composer/installers.[39m
[32mPatches already gathered. Skipping[39m
[32mNo patches found for symfony/finder.[39m
[32mPatches already gathered. Skipping[39m
[32mNo patches found for symfony/yaml.[39m
[32mPatches already gathered. Skipping[39m
[32mNo patches found for drupal/console-extend-plugin.[39m
[32mPatches already gathered. Skipping[39m
[32mNo patches found for paragonie/random_compat.[39m
[32mPatches already gathered. Skipping[39m
[32mNo patches found for symfony/polyfill-mbstring.[39m
[32mPatches already gathered. Skipping[39m
[32mNo patches found for symfony/http-foundation.[39m
[32mPatches already gathered. Skipping[39m
[32mNo patches found for psr/simple-cache.[39m
[32mPatches already gathered. Skipping[39m
[32mNo patches found for psr/log.[39m
[32mPatches already gathered. Skipping[39m
[32mNo patches found for psr/cache.[39m
[32mPatches already gathered. Skipping[39m
[32mNo patches found for symfony/polyfill-apcu.[39m
[32mPatches already gathered. Skipping[39m
[32mNo patches found for symfony/cache.[39m
[32mPatches already gathered. Skipping[39m
[32mNo patches found for symfony/expression-language.[39m
[32mPatches already gathered. Skipping[39m
[32mNo patches found for symfony/dom-crawler.[39m
[32mPatches already gathered. Skipping[39m
[32mNo patches found for symfony/css-selector.[39m
[32mPatches already gathered. Skipping[39m
[32mNo patches found for jakub-onderka/php-console-color.[39m
[32mPatches already gathered. Skipping[39m
[32mNo patches found for jakub-onderka/php-console-highlighter.[39m
[32mPatches already gathered. Skipping[39m
[32mNo patches found for dnoegel/php-xdg-base-dir.[39m
[32mPatches already gathered. Skipping[39m
[32mNo patches found for nikic/php-parser.[39m
[32mPatches already gathered. Skipping[39m
[32mNo patches found for symfony/var-dumper.[39m
[32mPatches already gathered. Skipping[39m
[32mNo patches found for symfony/debug.[39m
[32mPatches already gathered. Skipping[39m
[32mNo patches found for symfony/console.[39m
[32mPatches already gathered. Skipping[39m
[32mNo patches found for psy/psysh.[39m
[32mPatches already gathered. Skipping[39m
[32mNo patches found for psr/http-message.[39m
[32mPatches already gathered. Skipping[39m
[32mNo patches found for guzzlehttp/psr7.[39m
[32mPatches already gathered. Skipping[39m
[32mNo patches found for guzzlehttp/promises.[39m
[32mPatches already gathered. Skipping[39m
[32mNo patches found for guzzlehttp/guzzle.[39m
[32mPatches already gathered. Skipping[39m
[32mNo patches found for gabordemooij/redbean.[39m
[32mPatches already gathered. Skipping[39m
[32mNo patches found for vlucas/phpdotenv.[39m
[32mPatches already gathered. Skipping[39m
[32mNo patches found for drupal/console-dotenv.[39m
[32mPatches already gathered. Skipping[39m
[32mNo patches found for webmozart/assert.[39m
[32mPatches already gathered. Skipping[39m
[32mNo patches found for webmozart/path-util.[39m
[32mPatches already gathered. Skipping[39m
[32mNo patches found for webflo/drupal-finder.[39m
[32mPatches already gathered. Skipping[39m
[32mNo patches found for twig/twig.[39m
[32mPatches already gathered. Skipping[39m
[32mNo patches found for symfony/translation.[39m
[32mPatches already gathered. Skipping[39m
[32mNo patches found for symfony/process.[39m
[32mPatches already gathered. Skipping[39m
[32mNo patches found for symfony/filesystem.[39m
[32mPatches already gathered. Skipping[39m
[32mNo patches found for symfony/event-dispatcher.[39m
[32mPatches already gathered. Skipping[39m
[32mNo patches found for symfony/dependency-injection.[39m
[32mPatches already gathered. Skipping[39m
[32mNo patches found for symfony/config.[39m
[32mPatches already gathered. Skipping[39m
[32mNo patches found for stecman/symfony-console-completion.[39m
[32mPatches already gathered. Skipping[39m
[32mNo patches found for drupal/console-en.[39m
[32mPatches already gathered. Skipping[39m
[32mNo patches found for dflydev/placeholder-resolver.[39m
[32mPatches already gathered. Skipping[39m
[32mNo patches found for dflydev/dot-access-data.[39m
[32mPatches already gathered. Skipping[39m
[32mNo patches found for dflydev/dot-access-configuration.[39m
[32mPatches already gathered. Skipping[39m
[32mNo patches found for drupal/console-core.[39m
[32mPatches already gathered. Skipping[39m
[32mNo patches found for doctrine/collections.[39m
[32mPatches already gathered. Skipping[39m
[32mNo patches found for doctrine/lexer.[39m
[32mPatches already gathered. Skipping[39m
[32mNo patches found for doctrine/annotations.[39m
[32mPatches already gathered. Skipping[39m
[32mNo patches found for alchemy/zippy.[39m
[32mPatches already gathered. Skipping[39m
[32mNo patches found for drupal/console.[39m
[32mPatches already gathered. Skipping[39m
[32mNo patches found for zendframework/zend-stdlib.[39m
[32mPatches already gathered. Skipping[39m
[32mNo patches found for zendframework/zend-escaper.[39m
[32mPatches already gathered. Skipping[39m
[32mNo patches found for zendframework/zend-feed.[39m
[32mPatches already gathered. Skipping[39m
[32mNo patches found for zendframework/zend-diactoros.[39m
[32mPatches already gathered. Skipping[39m
[32mNo patches found for symfony/validator.[39m
[32mPatches already gathered. Skipping[39m
[32mNo patches found for symfony/serializer.[39m
[32mPatches already gathered. Skipping[39m
[32mNo patches found for symfony/routing.[39m
[32mPatches already gathered. Skipping[39m
[32mNo patches found for symfony/psr-http-message-bridge.[39m
[32mPatches already gathered. Skipping[39m
[32mNo patches found for symfony/polyfill-iconv.[39m
[32mPatches already gathered. Skipping[39m
[32mNo patches found for symfony/http-kernel.[39m
[32mPatches already gathered. Skipping[39m
[32mNo patches found for symfony/class-loader.[39m
[32mPatches already gathered. Skipping[39m
[32mNo patches found for symfony-cmf/routing.[39m
[32mPatches already gathered. Skipping[39m
[32mNo patches found for stack/builder.[39m
[32mPatches already gathered. Skipping[39m
[32mNo patches found for masterminds/html5.[39m
[32mPatches already gathered. Skipping[39m
[32mNo patches found for egulias/email-validator.[39m
[32mPatches already gathered. Skipping[39m
[32mNo patches found for easyrdf/easyrdf.[39m
[32mPatches already gathered. Skipping[39m
[32mNo patches found for doctrine/inflector.[39m
[32mPatches already gathered. Skipping[39m
[32mNo patches found for doctrine/cache.[39m
[32mPatches already gathered. Skipping[39m
[32mNo patches found for doctrine/common.[39m
[32mPatches already gathered. Skipping[39m
[32mNo patches found for composer/semver.[39m
[32mPatches already gathered. Skipping[39m
[32mNo patches found for asm89/stack-cors.[39m
[32mPatches already gathered. Skipping[39m
  - Applying patches for [32mdrupal/core[39m
    [32mhttps://www.drupal.org/files/issues/1356276-408--8.4.x.patch[39m ([33m1356276 - Allow profiles to provide a base/parent profile and load them in the correct order[39m)
[33mTesting ability to patch with git apply. This command may produce errors that can be safely ignored.[39m
[33mgit -C 'web/core' apply --check -v '-p1' '/var/folders/56/3lq570yx4ln1j2mjw_rgf4_80000gn/T/5a290b0537738.patch'[39m
[37;41mSkipped patch 'core/core.services.yml'.
Skipped patch 'core/includes/install.core.inc'.
Skipped patch 'core/includes/install.inc'.
Skipped patch 'core/lib/Drupal/Core/Config/ConfigInstaller.php'.
Skipped patch 'core/lib/Drupal/Core/Config/ExtensionInstallStorage.php'.
Skipped patch 'core/lib/Drupal/Core/Config/InstallStorage.php'.
Skipped patch 'core/lib/Drupal/Core/EventSubscriber/ConfigImportSubscriber.php'.
Skipped patch 'core/lib/Drupal/Core/Extension/ExtensionDiscovery.php'.
Skipped patch 'core/lib/Drupal/Core/Extension/FallbackProfileHandler.php'.
Skipped patch 'core/lib/Drupal/Core/Extension/ModuleInstaller.php'.
Skipped patch 'core/lib/Drupal/Core/Extension/ProfileHandler.php'.
Skipped patch 'core/lib/Drupal/Core/Extension/ProfileHandlerInterface.php'.
Skipped patch 'core/modules/config/src/Tests/ConfigImportBaseInstallProfileTest.php'.
[39;49m
[37;41mSkipped patch 'core/modules/config/tests/src/Functional/ConfigImportInstallProfileTest.php'.
Skipped patch 'core/modules/system/src/Form/ModulesUninstallForm.php'.
Skipped patch 'core/modules/system/system.module'.
Skipped patch 'core/profiles/testing_inherited/config/install/block.block.stable_login.yml'.
Skipped patch 'core/profiles/testing_inherited/config/install/system.theme.yml'.
Skipped patch 'core/profiles/testing_inherited/testing_inherited.info.yml'.
Skipped patch 'core/profiles/testing_inherited/tests/src/Functional/InheritedProfileTest.php'.
Skipped patch 'core/profiles/testing_subsubprofile/testing_subsubprofile.info.yml'.
Skipped patch 'core/profiles/testing_subsubprofile/tests/src/Functional/DeepInheritedProfileTest.php'.
Skipped patch 'core/tests/Drupal/KernelTests/Core/Extension/ProfileHandlerTest.php'.
[39;49m
[33mTesting ability to patch with git apply. This command may produce errors that can be safely ignored.[39m
[33mgit -C 'web/core' apply --check -v '-p0' '/var/folders/56/3lq570yx4ln1j2mjw_rgf4_80000gn/T/5a290b0537738.patch'[39m
[37;41mSkipped patch 'a/core/core.services.yml => b/core/core.services.yml'.
Skipped patch 'a/core/includes/install.core.inc => b/core/includes/install.core.inc'.
Skipped patch 'a/core/includes/install.inc => b/core/includes/install.inc'.
Skipped patch 'a/core/lib/Drupal/Core/Config/ConfigInstaller.php => b/core/lib/Drupal/Core/Config/ConfigInstaller.php'.
Skipped patch 'a/core/lib/Drupal/Core/Config/ExtensionInstallStorage.php => b/core/lib/Drupal/Core/Config/ExtensionInstallStorage.php'.
Skipped patch 'a/core/lib/Drupal/Core/Config/InstallStorage.php => b/core/lib/Drupal/Core/Config/InstallStorage.php'.
Skipped patch 'a/core/lib/Drupal/Core/EventSubscriber/ConfigImportSubscriber.php => b/core/lib/Drupal/Core/EventSubscriber/ConfigImportSubscriber.php'.
Skipped patch 'a/core/lib/Drupal/Core/Extension/ExtensionDiscovery.php => b/core/lib/Drupal/Core/Extension/ExtensionDiscovery.php'.
Skipped patch 'b/core/lib/Drupal/Core/Extension/FallbackProfileHandler.php'.
Skipped patch 'a/core/lib/Drupal/Core/Extension/ModuleInstaller.php => b/core/lib/Drupal/Core/Extension/ModuleInstaller.php'.
Skipped patch 'b/core/lib/Drupal/Core/Extension/ProfileHandler.php'.
Skipped patch 'b/core/lib/Drupal/Core/Extension/ProfileHandlerInterface.php'.
[39;49m
[37;41mSkipped patch 'b/core/modules/config/src/Tests/ConfigImportBaseInstallProfileTest.php'.
Skipped patch 'a/core/modules/config/tests/src/Functional/ConfigImportInstallProfileTest.php => b/core/modules/config/tests/src/Functional/ConfigImportInstallProfileTest.php'.
Skipped patch 'a/core/modules/system/src/Form/ModulesUninstallForm.php => b/core/modules/system/src/Form/ModulesUninstallForm.php'.
Skipped patch 'a/core/modules/system/system.module => b/core/modules/system/system.module'.
Skipped patch 'b/core/profiles/testing_inherited/config/install/block.block.stable_login.yml'.
Skipped patch 'b/core/profiles/testing_inherited/config/install/system.theme.yml'.
Skipped patch 'b/core/profiles/testing_inherited/testing_inherited.info.yml'.
Skipped patch 'b/core/profiles/testing_inherited/tests/src/Functional/InheritedProfileTest.php'.
Skipped patch 'b/core/profiles/testing_subsubprofile/testing_subsubprofile.info.yml'.
Skipped patch 'b/core/profiles/testing_subsubprofile/tests/src/Functional/DeepInheritedProfileTest.php'.
Skipped patch 'b/core/tests/Drupal/KernelTests/Core/Extension/ProfileHandlerTest.php'.
[39;49m
[33mTesting ability to patch with git apply. This command may produce errors that can be safely ignored.[39m
[33mgit -C 'web/core' apply --check -v '-p2' '/var/folders/56/3lq570yx4ln1j2mjw_rgf4_80000gn/T/5a290b0537738.patch'[39m
[37;41mSkipped patch 'core.services.yml'.
Skipped patch 'includes/install.core.inc'.
Skipped patch 'includes/install.inc'.
Skipped patch 'lib/Drupal/Core/Config/ConfigInstaller.php'.
Skipped patch 'lib/Drupal/Core/Config/ExtensionInstallStorage.php'.
Skipped patch 'lib/Drupal/Core/Config/InstallStorage.php'.
Skipped patch 'lib/Drupal/Core/EventSubscriber/ConfigImportSubscriber.php'.
Skipped patch 'lib/Drupal/Core/Extension/ExtensionDiscovery.php'.
Skipped patch 'lib/Drupal/Core/Extension/FallbackProfileHandler.php'.
Skipped patch 'lib/Drupal/Core/Extension/ModuleInstaller.php'.
Skipped patch 'lib/Drupal/Core/Extension/ProfileHandler.php'.
Skipped patch 'lib/Drupal/Core/Extension/ProfileHandlerInterface.php'.
[39;49m
[37;41mSkipped patch 'modules/config/src/Tests/ConfigImportBaseInstallProfileTest.php'.
Skipped patch 'modules/config/tests/src/Functional/ConfigImportInstallProfileTest.php'.
Skipped patch 'modules/system/src/Form/ModulesUninstallForm.php'.
Skipped patch 'modules/system/system.module'.
Skipped patch 'profiles/testing_inherited/config/install/block.block.stable_login.yml'.
Skipped patch 'profiles/testing_inherited/config/install/system.theme.yml'.
Skipped patch 'profiles/testing_inherited/testing_inherited.info.yml'.
Skipped patch 'profiles/testing_inherited/tests/src/Functional/InheritedProfileTest.php'.
Skipped patch 'profiles/testing_subsubprofile/testing_subsubprofile.info.yml'.
Skipped patch 'profiles/testing_subsubprofile/tests/src/Functional/DeepInheritedProfileTest.php'.
Skipped patch 'tests/Drupal/KernelTests/Core/Extension/ProfileHandlerTest.php'.
[39;49m
[33mTesting ability to patch with git apply. This command may produce errors that can be safely ignored.[39m
[33mgit -C 'web/core' apply --check -v '-p4' '/var/folders/56/3lq570yx4ln1j2mjw_rgf4_80000gn/T/5a290b0537738.patch'[39m
[37;41merror: git diff header lacks filename information when removing 4 leading pathname components (line 5)
[39;49m
[33mpatch '-p1' --no-backup-if-mismatch -d 'web/core' < '/var/folders/56/3lq570yx4ln1j2mjw_rgf4_80000gn/T/5a290b0537738.patch'[39m
[33mcan't find file to patch at input line 5
Perhaps you used the wrong -p or --strip option?
The text leading up to this was:
--------------------------
|diff --git a/core/core.services.yml b/core/core.services.yml
|index bd2f2c1e70..9032c52b8b 100644
|--- a/core/core.services.yml
|+++ b/core/core.services.yml
--------------------------
File to patch: 
Skip this patch? [y] 
Skipping patch.
[39m
[33m2 out of 2 hunks ignored
can't find file to patch at input line 28
Perhaps you used the wrong -p or --strip option?
The text leading up to this was:
--------------------------
[39m
[33m|diff --git a/core/includes/install.core.inc b/core/includes/install.core.inc
|index cfc0497bbc..fe26d62fdf 100644
|--- a/core/includes/install.core.inc
|+++ b/core/includes/install.core.inc
--------------------------
File to patch: 
Skip this patch? [y] 
Skipping patch.
[39m
[33m4 out of 4 hunks ignored
can't find file to patch at input line 80
Perhaps you used the wrong -p or --strip option?
The text leading up to this was:
--------------------------
[39m
[33m|diff --git a/core/includes/install.inc b/core/includes/install.inc
|index c5b93b58a6..ac4b26528e 100644
|--- a/core/includes/install.inc
|+++ b/core/includes/install.inc
--------------------------
File to patch: 
Skip this patch? [y] 
Skipping patch.
[39m
[33m2 out of 2 hunks ignored
can't find file to patch at input line 119
Perhaps you used the wrong -p or --strip option?
The text leading up to this was:
--------------------------
[39m
[33m|diff --git a/core/lib/Drupal/Core/Config/ConfigInstaller.php b/core/lib/Drupal/Core/Config/ConfigInstaller.php
|index b023764ebf..9cd33c0b0a 100644
|--- a/core/lib/Drupal/Core/Config/ConfigInstaller.php
|+++ b/core/lib/Drupal/Core/Config/ConfigInstaller.php
--------------------------
File to patch: 
Skip this patch? [y] 
Skipping patch.
[39m
[33m4 out of 4 hunks ignored
[39m
[33mcan't find file to patch at input line 174
Perhaps you used the wrong -p or --strip option?
The text leading up to this was:
--------------------------
|diff --git a/core/lib/Drupal/Core/Config/ExtensionInstallStorage.php b/core/lib/Drupal/Core/Config/ExtensionInstallStorage.php
|index 9103ab8c07..c3a026b5a4 100644
|--- a/core/lib/Drupal/Core/Config/ExtensionInstallStorage.php
|+++ b/core/lib/Drupal/Core/Config/ExtensionInstallStorage.php
--------------------------
File to patch: 
Skip this patch? [y] 
Skipping patch.
[39m
[33m4 out of 4 hunks ignored
can't find file to patch at input line 245
Perhaps you used the wrong -p or --strip option?
The text leading up to this was:
--------------------------
[39m
[33m|diff --git a/core/lib/Drupal/Core/Config/InstallStorage.php b/core/lib/Drupal/Core/Config/InstallStorage.php
|index 9fea3df473..23bf7494a4 100644
|--- a/core/lib/Drupal/Core/Config/InstallStorage.php
|+++ b/core/lib/Drupal/Core/Config/InstallStorage.php
--------------------------
File to patch: 
Skip this patch? [y] 
Skipping patch.
[39m
[33m4 out of 4 hunks ignored
[39m
[33mcan't find file to patch at input line 311
Perhaps you used the wrong -p or --strip option?
The text leading up to this was:
--------------------------
|diff --git a/core/lib/Drupal/Core/EventSubscriber/ConfigImportSubscriber.php b/core/lib/Drupal/Core/EventSubscriber/ConfigImportSubscriber.php
|index e948aa584c..1d7ec8ff13 100644
|--- a/core/lib/Drupal/Core/EventSubscriber/ConfigImportSubscriber.php
|+++ b/core/lib/Drupal/Core/EventSubscriber/ConfigImportSubscriber.php
--------------------------
File to patch: 
Skip this patch? [y] 
Skipping patch.
[39m
[33m2 out of 2 hunks ignored
[39m
[33mcan't find file to patch at input line 411
Perhaps you used the wrong -p or --strip option?
The text leading up to this was:
--------------------------
|diff --git a/core/lib/Drupal/Core/Extension/ExtensionDiscovery.php b/core/lib/Drupal/Core/Extension/ExtensionDiscovery.php
|index b74fc04f1d..6774594069 100644
|--- a/core/lib/Drupal/Core/Extension/ExtensionDiscovery.php
|+++ b/core/lib/Drupal/Core/Extension/ExtensionDiscovery.php
--------------------------
File to patch: 
Skip this patch? [y] 
Skipping patch.
[39m
[33m3 out of 3 hunks ignored
[39m
[33mpatching file core/lib/Drupal/Core/Extension/FallbackProfileHandler.php
[39m
[33mcan't find file to patch at input line 556
Perhaps you used the wrong -p or --strip option?
The text leading up to this was:
--------------------------
|diff --git a/core/lib/Drupal/Core/Extension/ModuleInstaller.php b/core/lib/Drupal/Core/Extension/ModuleInstaller.php
|index f9500a5fc7..9ea0f84dac 100644
|--- a/core/lib/Drupal/Core/Extension/ModuleInstaller.php
|+++ b/core/lib/Drupal/Core/Extension/ModuleInstaller.php
--------------------------
File to patch: 
Skip this patch? [y] 
Skipping patch.
[39m
[33m2 out of 2 hunks ignored
[39m
[33mpatching file core/lib/Drupal/Core/Extension/ProfileHandler.php
[39m
[33mpatching file core/lib/Drupal/Core/Extension/ProfileHandlerInterface.php
[39m
[33mpatching file core/modules/config/src/Tests/ConfigImportBaseInstallProfileTest.php
[39m
[33mcan't find file to patch at input line 1078
Perhaps you used the wrong -p or --strip option?
The text leading up to this was:
--------------------------
[39m
[33m|diff --git a/core/modules/config/tests/src/Functional/ConfigImportInstallProfileTest.php b/core/modules/config/tests/src/Functional/ConfigImportInstallProfileTest.php
|index eaece36db3..01d04d8084 100644
|--- a/core/modules/config/tests/src/Functional/ConfigImportInstallProfileTest.php
|+++ b/core/modules/config/tests/src/Functional/ConfigImportInstallProfileTest.php
--------------------------
File to patch: 
Skip this patch? [y] 
Skipping patch.
[39m
[33m1 out of 1 hunk ignored
[39m
[33mcan't find file to patch at input line 1091
Perhaps you used the wrong -p or --strip option?
The text leading up to this was:
--------------------------
|diff --git a/core/modules/system/src/Form/ModulesUninstallForm.php b/core/modules/system/src/Form/ModulesUninstallForm.php
|index 80348c59f1..2cff995d3a 100644
|--- a/core/modules/system/src/Form/ModulesUninstallForm.php
|+++ b/core/modules/system/src/Form/ModulesUninstallForm.php
--------------------------
File to patch: 
Skip this patch? [y] 
Skipping patch.
[39m
[33m2 out of 2 hunks ignored
can't find file to patch at input line 1126
Perhaps you used the wrong -p or --strip option?
The text leading up to this was:
--------------------------
[39m
[33m|diff --git a/core/modules/system/system.module b/core/modules/system/system.module
|index a1a6b715a3..5aeab69aa4 100644
|--- a/core/modules/system/system.module
|+++ b/core/modules/system/system.module
--------------------------
File to patch: 
Skip this patch? [y] 
Skipping patch.
[39m
[33m4 out of 4 hunks ignored
[39m
[33mpatching file core/profiles/testing_inherited/config/install/block.block.stable_login.yml
[39m
[33mpatching file core/profiles/testing_inherited/config/install/system.theme.yml
[39m
[33mpatching file core/profiles/testing_inherited/testing_inherited.info.yml
[39m
[33mpatching file core/profiles/testing_inherited/tests/src/Functional/InheritedProfileTest.php
[39m
[33mpatching file core/profiles/testing_subsubprofile/testing_subsubprofile.info.yml
[39m
[33mpatching file core/profiles/testing_subsubprofile/tests/src/Functional/DeepInheritedProfileTest.php
[39m
[33mpatching file core/tests/Drupal/KernelTests/Core/Extension/ProfileHandlerTest.php
[39m
[33mpatch '-p0' --no-backup-if-mismatch -d 'web/core' < '/var/folders/56/3lq570yx4ln1j2mjw_rgf4_80000gn/T/5a290b0537738.patch'[39m
[33mcan't find file to patch at input line 5
Perhaps you used the wrong -p or --strip option?
The text leading up to this was:
--------------------------
|diff --git a/core/core.services.yml b/core/core.services.yml
|index bd2f2c1e70..9032c52b8b 100644
|--- a/core/core.services.yml
|+++ b/core/core.services.yml
--------------------------
File to patch: 
Skip this patch? [y] 
Skipping patch.
[39m
[33m2 out of 2 hunks ignored
can't find file to patch at input line 28
Perhaps you used the wrong -p or --strip option?
The text leading up to this was:
--------------------------
|diff --git a/core/includes/install.core.inc b/core/includes/install.core.inc
|index cfc0497bbc..fe26d62fdf 100644
|--- a/core/includes/install.core.inc
|+++ b/core/includes/install.core.inc
--------------------------
File to patch: 
Skip this patch? [y] 
Skipping patch.
[39m
[33m4 out of 4 hunks ignored
can't find file to patch at input line 80
Perhaps you used the wrong -p or --strip option?
The text leading up to this was:
--------------------------
[39m
[33m|diff --git a/core/includes/install.inc b/core/includes/install.inc
|index c5b93b58a6..ac4b26528e 100644
|--- a/core/includes/install.inc
|+++ b/core/includes/install.inc
--------------------------
File to patch: 
Skip this patch? [y] 
Skipping patch.
[39m
[33m2 out of 2 hunks ignored
can't find file to patch at input line 119
Perhaps you used the wrong -p or --strip option?
The text leading up to this was:
--------------------------
[39m
[33m|diff --git a/core/lib/Drupal/Core/Config/ConfigInstaller.php b/core/lib/Drupal/Core/Config/ConfigInstaller.php
|index b023764ebf..9cd33c0b0a 100644
|--- a/core/lib/Drupal/Core/Config/ConfigInstaller.php
|+++ b/core/lib/Drupal/Core/Config/ConfigInstaller.php
--------------------------
File to patch: 
Skip this patch? [y] 
Skipping patch.
[39m
[33m4 out of 4 hunks ignored
[39m
[33mcan't find file to patch at input line 174
Perhaps you used the wrong -p or --strip option?
The text leading up to this was:
--------------------------
|diff --git a/core/lib/Drupal/Core/Config/ExtensionInstallStorage.php b/core/lib/Drupal/Core/Config/ExtensionInstallStorage.php
|index 9103ab8c07..c3a026b5a4 100644
|--- a/core/lib/Drupal/Core/Config/ExtensionInstallStorage.php
|+++ b/core/lib/Drupal/Core/Config/ExtensionInstallStorage.php
--------------------------
File to patch: 
Skip this patch? [y] 
Skipping patch.
[39m
[33m4 out of 4 hunks ignored
[39m
[33mcan't find file to patch at input line 245
Perhaps you used the wrong -p or --strip option?
The text leading up to this was:
--------------------------
|diff --git a/core/lib/Drupal/Core/Config/InstallStorage.php b/core/lib/Drupal/Core/Config/InstallStorage.php
|index 9fea3df473..23bf7494a4 100644
|--- a/core/lib/Drupal/Core/Config/InstallStorage.php
|+++ b/core/lib/Drupal/Core/Config/InstallStorage.php
--------------------------
File to patch: 
Skip this patch? [y] 
Skipping patch.
[39m
[33m4 out of 4 hunks ignored
[39m
[33mcan't find file to patch at input line 311
Perhaps you used the wrong -p or --strip option?
The text leading up to this was:
--------------------------
|diff --git a/core/lib/Drupal/Core/EventSubscriber/ConfigImportSubscriber.php b/core/lib/Drupal/Core/EventSubscriber/ConfigImportSubscriber.php
|index e948aa584c..1d7ec8ff13 100644
|--- a/core/lib/Drupal/Core/EventSubscriber/ConfigImportSubscriber.php
|+++ b/core/lib/Drupal/Core/EventSubscriber/ConfigImportSubscriber.php
--------------------------
File to patch: 
Skip this patch? [y] 
Skipping patch.
[39m
[33m2 out of 2 hunks ignored
can't find file to patch at input line 411
Perhaps you used the wrong -p or --strip option?
The text leading up to this was:
--------------------------
[39m
[33m|diff --git a/core/lib/Drupal/Core/Extension/ExtensionDiscovery.php b/core/lib/Drupal/Core/Extension/ExtensionDiscovery.php
|index b74fc04f1d..6774594069 100644
|--- a/core/lib/Drupal/Core/Extension/ExtensionDiscovery.php
|+++ b/core/lib/Drupal/Core/Extension/ExtensionDiscovery.php
--------------------------
File to patch: 
Skip this patch? [y] 
Skipping patch.
[39m
[33m3 out of 3 hunks ignored
[39m
[33mpatching file b/core/lib/Drupal/Core/Extension/FallbackProfileHandler.php
[39m
[33mcan't find file to patch at input line 556
Perhaps you used the wrong -p or --strip option?
The text leading up to this was:
--------------------------
|diff --git a/core/lib/Drupal/Core/Extension/ModuleInstaller.php b/core/lib/Drupal/Core/Extension/ModuleInstaller.php
|index f9500a5fc7..9ea0f84dac 100644
|--- a/core/lib/Drupal/Core/Extension/ModuleInstaller.php
|+++ b/core/lib/Drupal/Core/Extension/ModuleInstaller.php
--------------------------
File to patch: 
Skip this patch? [y] 
Skipping patch.
[39m
[33m2 out of 2 hunks ignored
[39m
[33mpatching file b/core/lib/Drupal/Core/Extension/ProfileHandler.php
[39m
[33mpatching file b/core/lib/Drupal/Core/Extension/ProfileHandlerInterface.php
[39m
[33mpatching file b/core/modules/config/src/Tests/ConfigImportBaseInstallProfileTest.php
[39m
[33mcan't find file to patch at input line 1078
Perhaps you used the wrong -p or --strip option?
The text leading up to this was:
--------------------------
[39m
[33m|diff --git a/core/modules/config/tests/src/Functional/ConfigImportInstallProfileTest.php b/core/modules/config/tests/src/Functional/ConfigImportInstallProfileTest.php
|index eaece36db3..01d04d8084 100644
|--- a/core/modules/config/tests/src/Functional/ConfigImportInstallProfileTest.php
|+++ b/core/modules/config/tests/src/Functional/ConfigImportInstallProfileTest.php
--------------------------
File to patch: 
Skip this patch? [y] 
Skipping patch.
[39m
[33m1 out of 1 hunk ignored
[39m
[33mcan't find file to patch at input line 1091
Perhaps you used the wrong -p or --strip option?
The text leading up to this was:
--------------------------
[39m
[33m|diff --git a/core/modules/system/src/Form/ModulesUninstallForm.php b/core/modules/system/src/Form/ModulesUninstallForm.php
|index 80348c59f1..2cff995d3a 100644
|--- a/core/modules/system/src/Form/ModulesUninstallForm.php
|+++ b/core/modules/system/src/Form/ModulesUninstallForm.php
--------------------------
File to patch: 
Skip this patch? [y] 
Skipping patch.
[39m
[33m2 out of 2 hunks ignored
can't find file to patch at input line 1126
Perhaps you used the wrong -p or --strip option?
The text leading up to this was:
--------------------------
[39m
[33m|diff --git a/core/modules/system/system.module b/core/modules/system/system.module
|index a1a6b715a3..5aeab69aa4 100644
|--- a/core/modules/system/system.module
|+++ b/core/modules/system/system.module
--------------------------
File to patch: 
Skip this patch? [y] 
Skipping patch.
[39m
[33m4 out of 4 hunks ignored
[39m
[33mpatching file b/core/profiles/testing_inherited/config/install/block.block.stable_login.yml
[39m
[33mpatching file b/core/profiles/testing_inherited/config/install/system.theme.yml
[39m
[33mpatching file b/core/profiles/testing_inherited/testing_inherited.info.yml
[39m
[33mpatching file b/core/profiles/testing_inherited/tests/src/Functional/InheritedProfileTest.php
[39m
[33mpatching file b/core/profiles/testing_subsubprofile/testing_subsubprofile.info.yml
[39m
[33mpatching file b/core/profiles/testing_subsubprofile/tests/src/Functional/DeepInheritedProfileTest.php
[39m
[33mpatching file b/core/tests/Drupal/KernelTests/Core/Extension/ProfileHandlerTest.php
[39m
[33mpatch '-p2' --no-backup-if-mismatch -d 'web/core' < '/var/folders/56/3lq570yx4ln1j2mjw_rgf4_80000gn/T/5a290b0537738.patch'[39m
[33mpatching file core.services.yml
[39m
[33mHunk #2 succeeded at 522 (offset 2 lines).
patching file includes/install.core.inc
Hunk #1 succeeded at 452 (offset 9 lines).
[39m
[33mHunk #2 succeeded at 1221 (offset 5 lines).
Hunk #3 succeeded at 1245 (offset 5 lines).
Hunk #4 succeeded at 1579 (offset 5 lines).
[39m
[33mpatching file includes/install.inc
[39m
[33mHunk #1 succeeded at 1047 (offset 4 lines).
[39m
[33mHunk #2 succeeded at 1081 (offset 4 lines).
[39m
[33mpatching file lib/Drupal/Core/Config/ConfigInstaller.php
[39m
[33mpatching file lib/Drupal/Core/Config/ExtensionInstallStorage.php
[39m
[33mpatching file lib/Drupal/Core/Config/InstallStorage.php
[39m
[33mpatching file lib/Drupal/Core/EventSubscriber/ConfigImportSubscriber.php
[39m
[33mpatching file lib/Drupal/Core/Extension/ExtensionDiscovery.php
[39m
[33mpatching file lib/Drupal/Core/Extension/FallbackProfileHandler.php
[39m
[33mpatching file lib/Drupal/Core/Extension/ModuleInstaller.php
[39m
[33mHunk #1 succeeded at 341 (offset 11 lines).
Hunk #2 succeeded at 349 (offset 11 lines).
[39m
[33mpatching file lib/Drupal/Core/Extension/ProfileHandler.php
[39m
[33mpatching file lib/Drupal/Core/Extension/ProfileHandlerInterface.php
[39m
[33mpatching file modules/config/src/Tests/ConfigImportBaseInstallProfileTest.php
[39m
[33mpatching file modules/config/tests/src/Functional/ConfigImportInstallProfileTest.php
[39m
[33mpatching file modules/system/src/Form/ModulesUninstallForm.php
[39m
[33mpatching file modules/system/system.module
[39m
[33mHunk #1 succeeded at 1002 (offset 8 lines).
[39m
[33mHunk #2 succeeded at 1022 (offset 8 lines).
Hunk #3 succeeded at 1038 (offset 8 lines).
[39m
[33mHunk #4 FAILED at 1043.
[39m
[33m1 out of 4 hunks FAILED -- saving rejects to file modules/system/system.module.rej
[39m
[33mpatching file profiles/testing_inherited/config/install/block.block.stable_login.yml
[39m
[33mpatching file profiles/testing_inherited/config/install/system.theme.yml
[39m
[33mpatching file profiles/testing_inherited/testing_inherited.info.yml
[39m
[33mpatching file profiles/testing_inherited/tests/src/Functional/InheritedProfileTest.php
[39m
[33mpatching file profiles/testing_subsubprofile/testing_subsubprofile.info.yml
[39m
[33mpatching file profiles/testing_subsubprofile/tests/src/Functional/DeepInheritedProfileTest.php
[39m
[33mpatching file tests/Drupal/KernelTests/Core/Extension/ProfileHandlerTest.php
[39m
[33mpatch '-p4' --no-backup-if-mismatch -d 'web/core' < '/var/folders/56/3lq570yx4ln1j2mjw_rgf4_80000gn/T/5a290b0537738.patch'[39m
[33mcan't find file to patch at input line 5
Perhaps you used the wrong -p or --strip option?
The text leading up to this was:
--------------------------
|diff --git a/core/core.services.yml b/core/core.services.yml
|index bd2f2c1e70..9032c52b8b 100644
|--- a/core/core.services.yml
|+++ b/core/core.services.yml
--------------------------
File to patch: 
Skip this patch? [y] 
Skipping patch.
[39m
[33m2 out of 2 hunks ignored
can't find file to patch at input line 28
Perhaps you used the wrong -p or --strip option?
The text leading up to this was:
--------------------------
|diff --git a/core/includes/install.core.inc b/core/includes/install.core.inc
|index cfc0497bbc..fe26d62fdf 100644
|--- a/core/includes/install.core.inc
|+++ b/core/includes/install.core.inc
--------------------------
File to patch: 
Skip this patch? [y] 
Skipping patch.
[39m
[33m4 out of 4 hunks ignored
can't find file to patch at input line 80
Perhaps you used the wrong -p or --strip option?
The text leading up to this was:
--------------------------
[39m
[33m|diff --git a/core/includes/install.inc b/core/includes/install.inc
|index c5b93b58a6..ac4b26528e 100644
|--- a/core/includes/install.inc
|+++ b/core/includes/install.inc
--------------------------
File to patch: 
Skip this patch? [y] 
Skipping patch.
[39m
[33m2 out of 2 hunks ignored
[39m
[33mcan't find file to patch at input line 119
Perhaps you used the wrong -p or --strip option?
The text leading up to this was:
--------------------------
|diff --git a/core/lib/Drupal/Core/Config/ConfigInstaller.php b/core/lib/Drupal/Core/Config/ConfigInstaller.php
|index b023764ebf..9cd33c0b0a 100644
|--- a/core/lib/Drupal/Core/Config/ConfigInstaller.php
|+++ b/core/lib/Drupal/Core/Config/ConfigInstaller.php
--------------------------
File to patch: 
Skip this patch? [y] 
Skipping patch.
[39m
[33m4 out of 4 hunks ignored
can't find file to patch at input line 174
Perhaps you used the wrong -p or --strip option?
The text leading up to this was:
--------------------------
[39m
[33m|diff --git a/core/lib/Drupal/Core/Config/ExtensionInstallStorage.php b/core/lib/Drupal/Core/Config/ExtensionInstallStorage.php
|index 9103ab8c07..c3a026b5a4 100644
|--- a/core/lib/Drupal/Core/Config/ExtensionInstallStorage.php
|+++ b/core/lib/Drupal/Core/Config/ExtensionInstallStorage.php
--------------------------
File to patch: 
Skip this patch? [y] 
Skipping patch.
[39m
[33m4 out of 4 hunks ignored
can't find file to patch at input line 245
Perhaps you used the wrong -p or --strip option?
The text leading up to this was:
--------------------------
[39m
[33m|diff --git a/core/lib/Drupal/Core/Config/InstallStorage.php b/core/lib/Drupal/Core/Config/InstallStorage.php
|index 9fea3df473..23bf7494a4 100644
|--- a/core/lib/Drupal/Core/Config/InstallStorage.php
|+++ b/core/lib/Drupal/Core/Config/InstallStorage.php
--------------------------
File to patch: 
Skip this patch? [y] 
Skipping patch.
[39m
[33m4 out of 4 hunks ignored
[39m
[33mcan't find file to patch at input line 311
Perhaps you used the wrong -p or --strip option?
The text leading up to this was:
--------------------------
|diff --git a/core/lib/Drupal/Core/EventSubscriber/ConfigImportSubscriber.php b/core/lib/Drupal/Core/EventSubscriber/ConfigImportSubscriber.php
|index e948aa584c..1d7ec8ff13 100644
|--- a/core/lib/Drupal/Core/EventSubscriber/ConfigImportSubscriber.php
|+++ b/core/lib/Drupal/Core/EventSubscriber/ConfigImportSubscriber.php
--------------------------
File to patch: 
Skip this patch? [y] 
Skipping patch.
[39m
[33m2 out of 2 hunks ignored
[39m
[33mcan't find file to patch at input line 411
Perhaps you used the wrong -p or --strip option?
The text leading up to this was:
--------------------------
|diff --git a/core/lib/Drupal/Core/Extension/ExtensionDiscovery.php b/core/lib/Drupal/Core/Extension/ExtensionDiscovery.php
|index b74fc04f1d..6774594069 100644
|--- a/core/lib/Drupal/Core/Extension/ExtensionDiscovery.php
|+++ b/core/lib/Drupal/Core/Extension/ExtensionDiscovery.php
--------------------------
File to patch: 
Skip this patch? [y] 
Skipping patch.
[39m
[33m3 out of 3 hunks ignored
[39m
[33mpatching file Core/Extension/FallbackProfileHandler.php
[39m
[33mcan't find file to patch at input line 556
Perhaps you used the wrong -p or --strip option?
The text leading up to this was:
--------------------------
|diff --git a/core/lib/Drupal/Core/Extension/ModuleInstaller.php b/core/lib/Drupal/Core/Extension/ModuleInstaller.php
|index f9500a5fc7..9ea0f84dac 100644
|--- a/core/lib/Drupal/Core/Extension/ModuleInstaller.php
|+++ b/core/lib/Drupal/Core/Extension/ModuleInstaller.php
--------------------------
File to patch: 
Skip this patch? [y] 
Skipping patch.
[39m
[33m2 out of 2 hunks ignored
[39m
[33mpatching file Core/Extension/ProfileHandler.php
[39m
[33mpatching file Core/Extension/ProfileHandlerInterface.php
[39m
[33mpatching file src/Tests/ConfigImportBaseInstallProfileTest.php
[39m
[33mcan't find file to patch at input line 1078
Perhaps you used the wrong -p or --strip option?
The text leading up to this was:
--------------------------
[39m
[33m|diff --git a/core/modules/config/tests/src/Functional/ConfigImportInstallProfileTest.php b/core/modules/config/tests/src/Functional/ConfigImportInstallProfileTest.php
|index eaece36db3..01d04d8084 100644
|--- a/core/modules/config/tests/src/Functional/ConfigImportInstallProfileTest.php
|+++ b/core/modules/config/tests/src/Functional/ConfigImportInstallProfileTest.php
--------------------------
File to patch: 
Skip this patch? [y] 
Skipping patch.
[39m
[33m1 out of 1 hunk ignored
[39m
[33mcan't find file to patch at input line 1091
Perhaps you used the wrong -p or --strip option?
The text leading up to this was:
--------------------------
|diff --git a/core/modules/system/src/Form/ModulesUninstallForm.php b/core/modules/system/src/Form/ModulesUninstallForm.php
|index 80348c59f1..2cff995d3a 100644
|--- a/core/modules/system/src/Form/ModulesUninstallForm.php
|+++ b/core/modules/system/src/Form/ModulesUninstallForm.php
--------------------------
File to patch: 
Skip this patch? [y] 
Skipping patch.
[39m
[33m2 out of 2 hunks ignored
[39m
[33mcan't find file to patch at input line 1126
Perhaps you used the wrong -p or --strip option?
The text leading up to this was:
--------------------------
|diff --git a/core/modules/system/system.module b/core/modules/system/system.module
|index a1a6b715a3..5aeab69aa4 100644
|--- a/core/modules/system/system.module
|+++ b/core/modules/system/system.module
--------------------------
File to patch: 
Skip this patch? [y] 
Skipping patch.
[39m
[33m4 out of 4 hunks ignored
[39m
[33mpatching file config/install/block.block.stable_login.yml
[39m
[33mpatching file config/install/system.theme.yml
[39m
[33mpatching file testing_inherited.info.yml
[39m
[33mpatching file tests/src/Functional/InheritedProfileTest.php
[39m
[33mpatching file testing_subsubprofile.info.yml
[39m
[33mpatching file tests/src/Functional/DeepInheritedProfileTest.php
[39m
[33mpatching file KernelTests/Core/Extension/ProfileHandlerTest.php
[39m
   [37;41mCould not apply patch! Skipping. The error was: Cannot apply patch https://www.drupal.org/files/issues/1356276-408--8.4.x.patch[39;49m
    [32mhttps://www.drupal.org/files/issues/2880374-remove-experimental-warnings-6.patch[39m ([33m2880374 - Experimental modules should not have warnings after being installed[39m)
[33mTesting ability to patch with git apply. This command may produce errors that can be safely ignored.[39m
[33mgit -C 'web/core' apply --check -v '-p1' '/var/folders/56/3lq570yx4ln1j2mjw_rgf4_80000gn/T/5a290b06b14a3.patch'[39m
[37;41mSkipped patch 'core/modules/help/src/Controller/HelpController.php'.
Skipped patch 'core/modules/help/tests/src/Functional/ExperimentalHelpTest.php'.
Skipped patch 'core/modules/system/system.install'.
[39;49m
[33mTesting ability to patch with git apply. This command may produce errors that can be safely ignored.[39m
[33mgit -C 'web/core' apply --check -v '-p0' '/var/folders/56/3lq570yx4ln1j2mjw_rgf4_80000gn/T/5a290b06b14a3.patch'[39m
[37;41mSkipped patch 'a/core/modules/help/src/Controller/HelpController.php => b/core/modules/help/src/Controller/HelpController.php'.
Skipped patch 'a/core/modules/help/tests/src/Functional/ExperimentalHelpTest.php'.
Skipped patch 'a/core/modules/system/system.install => b/core/modules/system/system.install'.
[39;49m
[33mTesting ability to patch with git apply. This command may produce errors that can be safely ignored.[39m
[33mgit -C 'web/core' apply --check -v '-p2' '/var/folders/56/3lq570yx4ln1j2mjw_rgf4_80000gn/T/5a290b06b14a3.patch'[39m
[37;41mSkipped patch 'modules/help/src/Controller/HelpController.php'.
Skipped patch 'modules/help/tests/src/Functional/ExperimentalHelpTest.php'.
Skipped patch 'modules/system/system.install'.
[39;49m
[33mTesting ability to patch with git apply. This command may produce errors that can be safely ignored.[39m
[33mgit -C 'web/core' apply --check -v '-p4' '/var/folders/56/3lq570yx4ln1j2mjw_rgf4_80000gn/T/5a290b06b14a3.patch'[39m
[37;41mSkipped patch 'src/Controller/HelpController.php'.
Skipped patch 'tests/src/Functional/ExperimentalHelpTest.php'.
Skipped patch 'system.install'.
[39;49m
[33mpatch '-p1' --no-backup-if-mismatch -d 'web/core' < '/var/folders/56/3lq570yx4ln1j2mjw_rgf4_80000gn/T/5a290b06b14a3.patch'[39m
[33mcan't find file to patch at input line 17
Perhaps you used the wrong -p or --strip option?
The text leading up to this was:
--------------------------
|From d10e40ebd19ca14404c8569680667ea3ec19d439 Mon Sep 17 00:00:00 2001
|From: Jakob Perry <japerry@45640.no-reply.drupal.org>
|Date: Mon, 22 May 2017 12:37:22 -0400
|Subject: [PATCH] Issue 2880374
|
|---
| .../modules/help/src/Controller/HelpController.php |  5 --
| .../tests/src/Functional/ExperimentalHelpTest.php  | 56 ----------------------
| core/modules/system/system.install                 |  2 +-
| 3 files changed, 1 insertion(+), 62 deletions(-)
| delete mode 100644 core/modules/help/tests/src/Functional/ExperimentalHelpTest.php
|
|diff --git a/core/modules/help/src/Controller/HelpController.php b/core/modules/help/src/Controller/HelpController.php
|index 74d46ec..51dd54b 100644
|--- a/core/modules/help/src/Controller/HelpController.php
|+++ b/core/modules/help/src/Controller/HelpController.php
--------------------------
File to patch: 
Skip this patch? [y] 
Skipping patch.
[39m
[33m1 out of 1 hunk ignored
The next patch would delete the file core/modules/help/tests/src/Functional/ExperimentalHelpTest.php,
which does not exist!  Assume -R? [n] 
Apply anyway? [n] 
Skipping patch.
[39m
[33m1 out of 1 hunk ignored
can't find file to patch at input line 95
Perhaps you used the wrong -p or --strip option?
The text leading up to this was:
--------------------------
[39m
[33m|diff --git a/core/modules/system/system.install b/core/modules/system/system.install
|index 614ad9e..56ce685 100644
|--- a/core/modules/system/system.install
|+++ b/core/modules/system/system.install
--------------------------
File to patch: 
Skip this patch? [y] 
Skipping patch.
[39m
[33m1 out of 1 hunk ignored
[39m
[33mpatch '-p0' --no-backup-if-mismatch -d 'web/core' < '/var/folders/56/3lq570yx4ln1j2mjw_rgf4_80000gn/T/5a290b06b14a3.patch'[39m
[33mcan't find file to patch at input line 17
Perhaps you used the wrong -p or --strip option?
The text leading up to this was:
--------------------------
|From d10e40ebd19ca14404c8569680667ea3ec19d439 Mon Sep 17 00:00:00 2001
|From: Jakob Perry <japerry@45640.no-reply.drupal.org>
|Date: Mon, 22 May 2017 12:37:22 -0400
|Subject: [PATCH] Issue 2880374
|
|---
| .../modules/help/src/Controller/HelpController.php |  5 --
| .../tests/src/Functional/ExperimentalHelpTest.php  | 56 ----------------------
| core/modules/system/system.install                 |  2 +-
| 3 files changed, 1 insertion(+), 62 deletions(-)
| delete mode 100644 core/modules/help/tests/src/Functional/ExperimentalHelpTest.php
|
|diff --git a/core/modules/help/src/Controller/HelpController.php b/core/modules/help/src/Controller/HelpController.php
|index 74d46ec..51dd54b 100644
|--- a/core/modules/help/src/Controller/HelpController.php
|+++ b/core/modules/help/src/Controller/HelpController.php
--------------------------
File to patch: 
Skip this patch? [y] 
Skipping patch.
[39m
[33m1 out of 1 hunk ignored
The next patch would delete the file a/core/modules/help/tests/src/Functional/ExperimentalHelpTest.php,
which does not exist!  Assume -R? [n] 
Apply anyway? [n] 
Skipping patch.
[39m
[33m1 out of 1 hunk ignored
[39m
[33mcan't find file to patch at input line 95
Perhaps you used the wrong -p or --strip option?
The text leading up to this was:
--------------------------
|diff --git a/core/modules/system/system.install b/core/modules/system/system.install
|index 614ad9e..56ce685 100644
|--- a/core/modules/system/system.install
|+++ b/core/modules/system/system.install
--------------------------
File to patch: 
Skip this patch? [y] 
Skipping patch.
[39m
[33m1 out of 1 hunk ignored
[39m
[33mpatch '-p2' --no-backup-if-mismatch -d 'web/core' < '/var/folders/56/3lq570yx4ln1j2mjw_rgf4_80000gn/T/5a290b06b14a3.patch'[39m
[33mpatching file modules/help/src/Controller/HelpController.php
[39m
[33mpatching file modules/help/tests/src/Functional/ExperimentalHelpTest.php
[39m
[33mpatching file modules/system/system.install
Hunk #1 succeeded at 71 (offset 3 lines).
[39m
    [32mhttps://www.drupal.org/files/issues/2880445-remove-config-write-warning-2.patch[39m ([33m2880445 - Config sync should not throw a warning when not being writable[39m)
[33mTesting ability to patch with git apply. This command may produce errors that can be safely ignored.[39m
[33mgit -C 'web/core' apply --check -v '-p1' '/var/folders/56/3lq570yx4ln1j2mjw_rgf4_80000gn/T/5a290b071074f.patch'[39m
[37;41mSkipped patch 'core/modules/config/config.install'.
[39;49m
[33mTesting ability to patch with git apply. This command may produce errors that can be safely ignored.[39m
[33mgit -C 'web/core' apply --check -v '-p0' '/var/folders/56/3lq570yx4ln1j2mjw_rgf4_80000gn/T/5a290b071074f.patch'[39m
[37;41mSkipped patch 'a/core/modules/config/config.install => b/core/modules/config/config.install'.
[39;49m
[33mTesting ability to patch with git apply. This command may produce errors that can be safely ignored.[39m
[33mgit -C 'web/core' apply --check -v '-p2' '/var/folders/56/3lq570yx4ln1j2mjw_rgf4_80000gn/T/5a290b071074f.patch'[39m
[37;41mSkipped patch 'modules/config/config.install'.
[39;49m
[33mTesting ability to patch with git apply. This command may produce errors that can be safely ignored.[39m
[33mgit -C 'web/core' apply --check -v '-p4' '/var/folders/56/3lq570yx4ln1j2mjw_rgf4_80000gn/T/5a290b071074f.patch'[39m
[37;41mSkipped patch 'config.install'.
[39;49m
[33mpatch '-p1' --no-backup-if-mismatch -d 'web/core' < '/var/folders/56/3lq570yx4ln1j2mjw_rgf4_80000gn/T/5a290b071074f.patch'[39m
[33mcan't find file to patch at input line 14
Perhaps you used the wrong -p or --strip option?
The text leading up to this was:
--------------------------
|From bc38a7b1217b6438067e53e3b4d389af9012911b Mon Sep 17 00:00:00 2001
|From: Jakob Perry <japerry@45640.no-reply.drupal.org>
|Date: Mon, 22 May 2017 15:37:53 -0400
|Subject: [PATCH] Issue 2880445
|
|---
| core/modules/config/config.install | 8 ++++----
| 1 file changed, 4 insertions(+), 4 deletions(-)
|
|diff --git a/core/modules/config/config.install b/core/modules/config/config.install
|index c971ae6..383555d 100644
|--- a/core/modules/config/config.install
|+++ b/core/modules/config/config.install
--------------------------
File to patch: 
Skip this patch? [y] 
Skipping patch.
[39m
[33m1 out of 1 hunk ignored
[39m
[33mpatch '-p0' --no-backup-if-mismatch -d 'web/core' < '/var/folders/56/3lq570yx4ln1j2mjw_rgf4_80000gn/T/5a290b071074f.patch'[39m
[33mcan't find file to patch at input line 14
Perhaps you used the wrong -p or --strip option?
The text leading up to this was:
--------------------------
|From bc38a7b1217b6438067e53e3b4d389af9012911b Mon Sep 17 00:00:00 2001
|From: Jakob Perry <japerry@45640.no-reply.drupal.org>
|Date: Mon, 22 May 2017 15:37:53 -0400
|Subject: [PATCH] Issue 2880445
|
|---
| core/modules/config/config.install | 8 ++++----
| 1 file changed, 4 insertions(+), 4 deletions(-)
|
|diff --git a/core/modules/config/config.install b/core/modules/config/config.install
|index c971ae6..383555d 100644
|--- a/core/modules/config/config.install
|+++ b/core/modules/config/config.install
--------------------------
File to patch: 
Skip this patch? [y] 
Skipping patch.
[39m
[33m1 out of 1 hunk ignored
[39m
[33mpatch '-p2' --no-backup-if-mismatch -d 'web/core' < '/var/folders/56/3lq570yx4ln1j2mjw_rgf4_80000gn/T/5a290b071074f.patch'[39m
[33mpatching file modules/config/config.install
[39m
    [32mhttps://www.drupal.org/files/issues/2869592-remove-update-warning-7.patch[39m ([33m2869592 - Disabled update module shouldn't produce a status report warning[39m)
[33mTesting ability to patch with git apply. This command may produce errors that can be safely ignored.[39m
[33mgit -C 'web/core' apply --check -v '-p1' '/var/folders/56/3lq570yx4ln1j2mjw_rgf4_80000gn/T/5a290b0763a1b.patch'[39m
[37;41mSkipped patch 'core/modules/system/system.install'.
[39;49m
[33mTesting ability to patch with git apply. This command may produce errors that can be safely ignored.[39m
[33mgit -C 'web/core' apply --check -v '-p0' '/var/folders/56/3lq570yx4ln1j2mjw_rgf4_80000gn/T/5a290b0763a1b.patch'[39m
[37;41mSkipped patch 'a/core/modules/system/system.install => b/core/modules/system/system.install'.
[39;49m
[33mTesting ability to patch with git apply. This command may produce errors that can be safely ignored.[39m
[33mgit -C 'web/core' apply --check -v '-p2' '/var/folders/56/3lq570yx4ln1j2mjw_rgf4_80000gn/T/5a290b0763a1b.patch'[39m
[37;41mSkipped patch 'modules/system/system.install'.
[39;49m
[33mTesting ability to patch with git apply. This command may produce errors that can be safely ignored.[39m
[33mgit -C 'web/core' apply --check -v '-p4' '/var/folders/56/3lq570yx4ln1j2mjw_rgf4_80000gn/T/5a290b0763a1b.patch'[39m
[37;41mSkipped patch 'system.install'.
[39;49m
[33mpatch '-p1' --no-backup-if-mismatch -d 'web/core' < '/var/folders/56/3lq570yx4ln1j2mjw_rgf4_80000gn/T/5a290b0763a1b.patch'[39m
[33mcan't find file to patch at input line 14
Perhaps you used the wrong -p or --strip option?
The text leading up to this was:
--------------------------
|From c7b3da0db33803b01f3813797283821072288b94 Mon Sep 17 00:00:00 2001
|From: Jakob Perry <japerry@45640.no-reply.drupal.org>
|Date: Mon, 22 May 2017 14:04:49 -0400
|Subject: [PATCH] Issue 2869592
|
|---
| core/modules/system/system.install | 2 +-
| 1 file changed, 1 insertion(+), 1 deletion(-)
|
|diff --git a/core/modules/system/system.install b/core/modules/system/system.install
|index 56ce685..5daf6a8 100644
|--- a/core/modules/system/system.install
|+++ b/core/modules/system/system.install
--------------------------
File to patch: 
Skip this patch? [y] 
Skipping patch.
[39m
[33m1 out of 1 hunk ignored
[39m
[33mpatch '-p0' --no-backup-if-mismatch -d 'web/core' < '/var/folders/56/3lq570yx4ln1j2mjw_rgf4_80000gn/T/5a290b0763a1b.patch'[39m
[33mcan't find file to patch at input line 14
Perhaps you used the wrong -p or --strip option?
The text leading up to this was:
--------------------------
|From c7b3da0db33803b01f3813797283821072288b94 Mon Sep 17 00:00:00 2001
|From: Jakob Perry <japerry@45640.no-reply.drupal.org>
|Date: Mon, 22 May 2017 14:04:49 -0400
|Subject: [PATCH] Issue 2869592
|
|---
| core/modules/system/system.install | 2 +-
| 1 file changed, 1 insertion(+), 1 deletion(-)
|
|diff --git a/core/modules/system/system.install b/core/modules/system/system.install
|index 56ce685..5daf6a8 100644
|--- a/core/modules/system/system.install
|+++ b/core/modules/system/system.install
--------------------------
File to patch: 
Skip this patch? [y] 
Skipping patch.
[39m
[33m1 out of 1 hunk ignored
[39m
[33mpatch '-p2' --no-backup-if-mismatch -d 'web/core' < '/var/folders/56/3lq570yx4ln1j2mjw_rgf4_80000gn/T/5a290b0763a1b.patch'[39m
[33mpatching file modules/system/system.install
[39m
[33mHunk #1 succeeded at 857 (offset 40 lines).
[39m
    [32mhttps://www.drupal.org/files/issues/2885441-2.patch[39m ([33m2885441 - EntityReferenceAutocompleteWidget should define its size setting as an integer[39m)
[33mTesting ability to patch with git apply. This command may produce errors that can be safely ignored.[39m
[33mgit -C 'web/core' apply --check -v '-p1' '/var/folders/56/3lq570yx4ln1j2mjw_rgf4_80000gn/T/5a290b07b7b9a.patch'[39m
[37;41mSkipped patch 'core/lib/Drupal/Core/Field/Plugin/Field/FieldWidget/EntityReferenceAutocompleteWidget.php'.
[39;49m
[33mTesting ability to patch with git apply. This command may produce errors that can be safely ignored.[39m
[33mgit -C 'web/core' apply --check -v '-p0' '/var/folders/56/3lq570yx4ln1j2mjw_rgf4_80000gn/T/5a290b07b7b9a.patch'[39m
[37;41mSkipped patch 'a/core/lib/Drupal/Core/Field/Plugin/Field/FieldWidget/EntityReferenceAutocompleteWidget.php => b/core/lib/Drupal/Core/Field/Plugin/Field/FieldWidget/EntityReferenceAutocompleteWidget.php'.
[39;49m
[33mTesting ability to patch with git apply. This command may produce errors that can be safely ignored.[39m
[33mgit -C 'web/core' apply --check -v '-p2' '/var/folders/56/3lq570yx4ln1j2mjw_rgf4_80000gn/T/5a290b07b7b9a.patch'[39m
[37;41mSkipped patch 'lib/Drupal/Core/Field/Plugin/Field/FieldWidget/EntityReferenceAutocompleteWidget.php'.
[39;49m
[33mTesting ability to patch with git apply. This command may produce errors that can be safely ignored.[39m
[33mgit -C 'web/core' apply --check -v '-p4' '/var/folders/56/3lq570yx4ln1j2mjw_rgf4_80000gn/T/5a290b07b7b9a.patch'[39m
[37;41mSkipped patch 'Core/Field/Plugin/Field/FieldWidget/EntityReferenceAutocompleteWidget.php'.
[39;49m
[33mpatch '-p1' --no-backup-if-mismatch -d 'web/core' < '/var/folders/56/3lq570yx4ln1j2mjw_rgf4_80000gn/T/5a290b07b7b9a.patch'[39m
[33mcan't find file to patch at input line 5
Perhaps you used the wrong -p or --strip option?
The text leading up to this was:
--------------------------
|diff --git a/core/lib/Drupal/Core/Field/Plugin/Field/FieldWidget/EntityReferenceAutocompleteWidget.php b/core/lib/Drupal/Core/Field/Plugin/Field/FieldWidget/EntityReferenceAutocompleteWidget.php
|index 11f048e..5a46e00 100644
|--- a/core/lib/Drupal/Core/Field/Plugin/Field/FieldWidget/EntityReferenceAutocompleteWidget.php
|+++ b/core/lib/Drupal/Core/Field/Plugin/Field/FieldWidget/EntityReferenceAutocompleteWidget.php
--------------------------
File to patch: 
Skip this patch? [y] 
Skipping patch.
[39m
[33m1 out of 1 hunk ignored
[39m
[33mpatch '-p0' --no-backup-if-mismatch -d 'web/core' < '/var/folders/56/3lq570yx4ln1j2mjw_rgf4_80000gn/T/5a290b07b7b9a.patch'[39m
[33mcan't find file to patch at input line 5
Perhaps you used the wrong -p or --strip option?
The text leading up to this was:
--------------------------
|diff --git a/core/lib/Drupal/Core/Field/Plugin/Field/FieldWidget/EntityReferenceAutocompleteWidget.php b/core/lib/Drupal/Core/Field/Plugin/Field/FieldWidget/EntityReferenceAutocompleteWidget.php
|index 11f048e..5a46e00 100644
|--- a/core/lib/Drupal/Core/Field/Plugin/Field/FieldWidget/EntityReferenceAutocompleteWidget.php
|+++ b/core/lib/Drupal/Core/Field/Plugin/Field/FieldWidget/EntityReferenceAutocompleteWidget.php
--------------------------
File to patch: 
Skip this patch? [y] 
Skipping patch.
[39m
[33m1 out of 1 hunk ignored
[39m
[33mpatch '-p2' --no-backup-if-mismatch -d 'web/core' < '/var/folders/56/3lq570yx4ln1j2mjw_rgf4_80000gn/T/5a290b07b7b9a.patch'[39m
[33mpatching file lib/Drupal/Core/Field/Plugin/Field/FieldWidget/EntityReferenceAutocompleteWidget.php
[39m
    [32mhttps://www.drupal.org/files/issues/core-media-add-name-to-display-2912298-25.patch[39m ([33m2912298 - Make media name available on manage display[39m)
[33mTesting ability to patch with git apply. This command may produce errors that can be safely ignored.[39m
[33mgit -C 'web/core' apply --check -v '-p1' '/var/folders/56/3lq570yx4ln1j2mjw_rgf4_80000gn/T/5a290b0815550.patch'[39m
[37;41mSkipped patch 'core/modules/media/config/install/core.entity_view_display.media.file.default.yml'.
Skipped patch 'core/modules/media/config/install/core.entity_view_display.media.image.default.yml'.
Skipped patch 'core/modules/media/src/Entity/Media.php'.
Skipped patch 'core/modules/media/tests/src/Kernel/MediaTest.php'.
[39;49m
[33mTesting ability to patch with git apply. This command may produce errors that can be safely ignored.[39m
[33mgit -C 'web/core' apply --check -v '-p0' '/var/folders/56/3lq570yx4ln1j2mjw_rgf4_80000gn/T/5a290b0815550.patch'[39m
[37;41mSkipped patch 'a/core/modules/media/config/install/core.entity_view_display.media.file.default.yml => b/core/modules/media/config/install/core.entity_view_display.media.file.default.yml'.
Skipped patch 'a/core/modules/media/config/install/core.entity_view_display.media.image.default.yml => b/core/modules/media/config/install/core.entity_view_display.media.image.default.yml'.
Skipped patch 'a/core/modules/media/src/Entity/Media.php => b/core/modules/media/src/Entity/Media.php'.
Skipped patch 'a/core/modules/media/tests/src/Kernel/MediaTest.php => b/core/modules/media/tests/src/Kernel/MediaTest.php'.
[39;49m
[33mTesting ability to patch with git apply. This command may produce errors that can be safely ignored.[39m
[33mgit -C 'web/core' apply --check -v '-p2' '/var/folders/56/3lq570yx4ln1j2mjw_rgf4_80000gn/T/5a290b0815550.patch'[39m
[37;41mSkipped patch 'modules/media/config/install/core.entity_view_display.media.file.default.yml'.
Skipped patch 'modules/media/config/install/core.entity_view_display.media.image.default.yml'.
Skipped patch 'modules/media/src/Entity/Media.php'.
Skipped patch 'modules/media/tests/src/Kernel/MediaTest.php'.
[39;49m
[33mTesting ability to patch with git apply. This command may produce errors that can be safely ignored.[39m
[33mgit -C 'web/core' apply --check -v '-p4' '/var/folders/56/3lq570yx4ln1j2mjw_rgf4_80000gn/T/5a290b0815550.patch'[39m
[37;41mSkipped patch 'config/install/core.entity_view_display.media.file.default.yml'.
Skipped patch 'config/install/core.entity_view_display.media.image.default.yml'.
Skipped patch 'src/Entity/Media.php'.
Skipped patch 'tests/src/Kernel/MediaTest.php'.
[39;49m
[33mpatch '-p1' --no-backup-if-mismatch -d 'web/core' < '/var/folders/56/3lq570yx4ln1j2mjw_rgf4_80000gn/T/5a290b0815550.patch'[39m
[33mcan't find file to patch at input line 5
Perhaps you used the wrong -p or --strip option?
The text leading up to this was:
--------------------------
|diff --git a/core/modules/media/config/install/core.entity_view_display.media.file.default.yml b/core/modules/media/config/install/core.entity_view_display.media.file.default.yml
|index 933b295..f42bab7 100644
|--- a/core/modules/media/config/install/core.entity_view_display.media.file.default.yml
|+++ b/core/modules/media/config/install/core.entity_view_display.media.file.default.yml
--------------------------
File to patch: 
Skip this patch? [y] 
Skipping patch.
[39m
[33m1 out of 1 hunk ignored
can't find file to patch at input line 26
Perhaps you used the wrong -p or --strip option?
The text leading up to this was:
--------------------------
|diff --git a/core/modules/media/config/install/core.entity_view_display.media.image.default.yml b/core/modules/media/config/install/core.entity_view_display.media.image.default.yml
|index fe01f37..c02d908 100644
|--- a/core/modules/media/config/install/core.entity_view_display.media.image.default.yml
|+++ b/core/modules/media/config/install/core.entity_view_display.media.image.default.yml
--------------------------
File to patch: 
Skip this patch? [y] 
Skipping patch.
[39m
[33m1 out of 1 hunk ignored
can't find file to patch at input line 47
Perhaps you used the wrong -p or --strip option?
The text leading up to this was:
--------------------------
[39m
[33m|diff --git a/core/modules/media/src/Entity/Media.php b/core/modules/media/src/Entity/Media.php
|index 1f8c8d3..49f7283 100644
|--- a/core/modules/media/src/Entity/Media.php
|+++ b/core/modules/media/src/Entity/Media.php
--------------------------
File to patch: 
Skip this patch? [y] 
Skipping patch.
[39m
[33m1 out of 1 hunk ignored
can't find file to patch at input line 59
Perhaps you used the wrong -p or --strip option?
The text leading up to this was:
--------------------------
[39m
[33m|diff --git a/core/modules/media/tests/src/Kernel/MediaTest.php b/core/modules/media/tests/src/Kernel/MediaTest.php
|index 5971f65..d246fb6 100644
|--- a/core/modules/media/tests/src/Kernel/MediaTest.php
|+++ b/core/modules/media/tests/src/Kernel/MediaTest.php
--------------------------
File to patch: 
Skip this patch? [y] 
Skipping patch.
[39m
[33m1 out of 1 hunk ignored
[39m
[33mpatch '-p0' --no-backup-if-mismatch -d 'web/core' < '/var/folders/56/3lq570yx4ln1j2mjw_rgf4_80000gn/T/5a290b0815550.patch'[39m
[33mcan't find file to patch at input line 5
Perhaps you used the wrong -p or --strip option?
The text leading up to this was:
--------------------------
|diff --git a/core/modules/media/config/install/core.entity_view_display.media.file.default.yml b/core/modules/media/config/install/core.entity_view_display.media.file.default.yml
|index 933b295..f42bab7 100644
|--- a/core/modules/media/config/install/core.entity_view_display.media.file.default.yml
|+++ b/core/modules/media/config/install/core.entity_view_display.media.file.default.yml
--------------------------
File to patch: 
Skip this patch? [y] 
Skipping patch.
[39m
[33m1 out of 1 hunk ignored
can't find file to patch at input line 26
Perhaps you used the wrong -p or --strip option?
The text leading up to this was:
--------------------------
|diff --git a/core/modules/media/config/install/core.entity_view_display.media.image.default.yml b/core/modules/media/config/install/core.entity_view_display.media.image.default.yml
|index fe01f37..c02d908 100644
|--- a/core/modules/media/config/install/core.entity_view_display.media.image.default.yml
|+++ b/core/modules/media/config/install/core.entity_view_display.media.image.default.yml
--------------------------
File to patch: 
Skip this patch? [y] 
Skipping patch.
[39m
[33m1 out of 1 hunk ignored
[39m
[33mcan't find file to patch at input line 47
Perhaps you used the wrong -p or --strip option?
The text leading up to this was:
--------------------------
|diff --git a/core/modules/media/src/Entity/Media.php b/core/modules/media/src/Entity/Media.php
|index 1f8c8d3..49f7283 100644
|--- a/core/modules/media/src/Entity/Media.php
|+++ b/core/modules/media/src/Entity/Media.php
--------------------------
File to patch: 
Skip this patch? [y] 
Skipping patch.
[39m
[33m1 out of 1 hunk ignored
can't find file to patch at input line 59
Perhaps you used the wrong -p or --strip option?
The text leading up to this was:
--------------------------
[39m
[33m|diff --git a/core/modules/media/tests/src/Kernel/MediaTest.php b/core/modules/media/tests/src/Kernel/MediaTest.php
|index 5971f65..d246fb6 100644
|--- a/core/modules/media/tests/src/Kernel/MediaTest.php
|+++ b/core/modules/media/tests/src/Kernel/MediaTest.php
--------------------------
File to patch: 
Skip this patch? [y] 
Skipping patch.
[39m
[33m1 out of 1 hunk ignored
[39m
[33mpatch '-p2' --no-backup-if-mismatch -d 'web/core' < '/var/folders/56/3lq570yx4ln1j2mjw_rgf4_80000gn/T/5a290b0815550.patch'[39m
[33mpatching file modules/media/config/install/core.entity_view_display.media.file.default.yml
Reversed (or previously applied) patch detected!  Assume -R? [n] 
Apply anyway? [n] 
Skipping patch.
[39m
[33m1 out of 1 hunk ignored -- saving rejects to file modules/media/config/install/core.entity_view_display.media.file.default.yml.rej
patching file modules/media/config/install/core.entity_view_display.media.image.default.yml
Reversed (or previously applied) patch detected!  Assume -R? [n] 
Apply anyway? [n] 
Skipping patch.
[39m
[33m1 out of 1 hunk ignored -- saving rejects to file modules/media/config/install/core.entity_view_display.media.image.default.yml.rej
[39m
[33mpatching file modules/media/src/Entity/Media.php
Reversed (or previously applied) patch detected!  Assume -R? [n] 
Apply anyway? [n] 
Skipping patch.
[39m
[33m1 out of 1 hunk ignored -- saving rejects to file modules/media/src/Entity/Media.php.rej
[39m
[33mpatching file modules/media/tests/src/Kernel/MediaTest.php
[39m
[33mReversed (or previously applied) patch detected!  Assume -R? [n] 
Apply anyway? [n] 
Skipping patch.
[39m
[33m1 out of 1 hunk ignored -- saving rejects to file modules/media/tests/src/Kernel/MediaTest.php.rej
[39m
[33mpatch '-p4' --no-backup-if-mismatch -d 'web/core' < '/var/folders/56/3lq570yx4ln1j2mjw_rgf4_80000gn/T/5a290b0815550.patch'[39m
[33mcan't find file to patch at input line 5
Perhaps you used the wrong -p or --strip option?
The text leading up to this was:
--------------------------
|diff --git a/core/modules/media/config/install/core.entity_view_display.media.file.default.yml b/core/modules/media/config/install/core.entity_view_display.media.file.default.yml
|index 933b295..f42bab7 100644
|--- a/core/modules/media/config/install/core.entity_view_display.media.file.default.yml
|+++ b/core/modules/media/config/install/core.entity_view_display.media.file.default.yml
--------------------------
File to patch: 
Skip this patch? [y] 
Skipping patch.
[39m
[33m1 out of 1 hunk ignored
can't find file to patch at input line 26
Perhaps you used the wrong -p or --strip option?
The text leading up to this was:
--------------------------
|diff --git a/core/modules/media/config/install/core.entity_view_display.media.image.default.yml b/core/modules/media/config/install/core.entity_view_display.media.image.default.yml
|index fe01f37..c02d908 100644
|--- a/core/modules/media/config/install/core.entity_view_display.media.image.default.yml
|+++ b/core/modules/media/config/install/core.entity_view_display.media.image.default.yml
--------------------------
File to patch: 
Skip this patch? [y] 
Skipping patch.
[39m
[33m1 out of 1 hunk ignored
can't find file to patch at input line 47
Perhaps you used the wrong -p or --strip option?
The text leading up to this was:
--------------------------
[39m
[33m|diff --git a/core/modules/media/src/Entity/Media.php b/core/modules/media/src/Entity/Media.php
|index 1f8c8d3..49f7283 100644
|--- a/core/modules/media/src/Entity/Media.php
|+++ b/core/modules/media/src/Entity/Media.php
--------------------------
File to patch: 
Skip this patch? [y] 
Skipping patch.
[39m
[33m1 out of 1 hunk ignored
[39m
[33mcan't find file to patch at input line 59
Perhaps you used the wrong -p or --strip option?
The text leading up to this was:
--------------------------
|diff --git a/core/modules/media/tests/src/Kernel/MediaTest.php b/core/modules/media/tests/src/Kernel/MediaTest.php
|index 5971f65..d246fb6 100644
|--- a/core/modules/media/tests/src/Kernel/MediaTest.php
|+++ b/core/modules/media/tests/src/Kernel/MediaTest.php
--------------------------
File to patch: 
Skip this patch? [y] 
Skipping patch.
[39m
[33m1 out of 1 hunk ignored
[39m
   [37;41mCould not apply patch! Skipping. The error was: Cannot apply patch https://www.drupal.org/files/issues/core-media-add-name-to-display-2912298-25.patch[39;49m
    [32mhttps://www.drupal.org/files/issues/2883813-27.patch[39m ([33m2883813 - Move File/Image media type into Standard once Media is stable[39m)
[33mTesting ability to patch with git apply. This command may produce errors that can be safely ignored.[39m
[33mgit -C 'web/core' apply --check -v '-p1' '/var/folders/56/3lq570yx4ln1j2mjw_rgf4_80000gn/T/5a290b086a706.patch'[39m
[37;41mSkipped patch 'core/modules/hal/tests/src/Functional/EntityResource/Media/MediaHalJsonAnonTest.php'.
Skipped patch 'core/modules/media/tests/modules/media_test_type/media_test_type.info.yml'.
Skipped patch 'core/modules/media/tests/src/Functional/MediaFunctionalTestCreateMediaTypeTrait.php'.
Skipped patch 'core/modules/media/tests/src/Functional/MediaRevisionTest.php'.
Skipped patch 'core/modules/media/tests/src/Functional/MediaSourceFileTest.php'.
Skipped patch 'core/modules/media/tests/src/Functional/MediaUiFunctionalTest.php'.
Skipped patch 'core/modules/media/tests/src/FunctionalJavascript/MediaSourceFileTest.php'.
Skipped patch 'core/modules/media/tests/src/FunctionalJavascript/MediaSourceImageTest.php'.
Skipped patch 'core/modules/media/tests/src/FunctionalJavascript/MediaUiJavascriptTest.php'.
Skipped patch 'core/modules/media/tests/src/FunctionalJavascript/MediaViewsWizardTest.php'.
Skipped patch 'core/modules/media/tests/src/Kernel/MediaSourceFileTest.php'.
Skipped patch 'core/modules/rest/tests/src/Functional/EntityResource/Media/MediaResourceTestBase.php'.
Skipped patch 'core/modules/media/config/install/core.entity_form_display.media.file.default.yml => core/profiles/standard/config/optional/core.entity_form_display.media.file.default.yml'.
Skipped patch 'core/modules/media/config/install/core.entity_form_display.media.image.default.yml => core/profiles/standard/config/optional/core.entity_form_display.media.image.default.yml'.
Skipped patch 'core/modules/media/config/install/core.entity_view_display.media.file.default.yml => core/profiles/standard/config/optional/core.entity_view_display.media.file.default.yml'.
Skipped patch 'core/modules/media/config/install/core.entity_view_display.media.image.default.yml => core/profiles/standard/config/optional/core.entity_view_display.media.image.default.yml'.
Skipped patch 'core/modules/media/config/install/field.field.media.file.field_media_file.yml => core/profiles/standard/config/optional/field.field.media.file.field_media_file.yml'.
Skipped patch 'core/modules/media/config/install/field.field.media.image.field_media_image.yml => core/profiles/standard/config/optional/field.field.media.image.field_media_image.yml'.
Skipped patch 'core/modules/media/config/install/field.storage.media.field_media_file.yml => core/profiles/standard/config/optional/field.storage.media.field_media_file.yml'.
Skipped patch 'core/modules/media/config/install/field.storage.media.field_media_image.yml => core/profiles/standard/config/optional/field.storage.media.field_media_image.yml'.
Skipped patch 'core/modules/media/config/install/media.type.file.yml => core/profiles/standard/config/optional/media.type.file.yml'.
Skipped patch 'core/modules/media/config/install/media.type.image.yml => core/profiles/standard/config/optional/media.type.image.yml'.
[39;49m
[33mTesting ability to patch with git apply. This command may produce errors that can be safely ignored.[39m
[33mgit -C 'web/core' apply --check -v '-p0' '/var/folders/56/3lq570yx4ln1j2mjw_rgf4_80000gn/T/5a290b086a706.patch'[39m
[37;41mSkipped patch 'a/core/modules/hal/tests/src/Functional/EntityResource/Media/MediaHalJsonAnonTest.php => b/core/modules/hal/tests/src/Functional/EntityResource/Media/MediaHalJsonAnonTest.php'.
Skipped patch 'a/core/modules/media/tests/modules/media_test_type/media_test_type.info.yml => b/core/modules/media/tests/modules/media_test_type/media_test_type.info.yml'.
Skipped patch 'a/core/modules/media/tests/src/Functional/MediaFunctionalTestCreateMediaTypeTrait.php => b/core/modules/media/tests/src/Functional/MediaFunctionalTestCreateMediaTypeTrait.php'.
Skipped patch 'a/core/modules/media/tests/src/Functional/MediaRevisionTest.php => b/core/modules/media/tests/src/Functional/MediaRevisionTest.php'.
Skipped patch 'a/core/modules/media/tests/src/Functional/MediaSourceFileTest.php => b/core/modules/media/tests/src/Functional/MediaSourceFileTest.php'.
Skipped patch 'a/core/modules/media/tests/src/Functional/MediaUiFunctionalTest.php => b/core/modules/media/tests/src/Functional/MediaUiFunctionalTest.php'.
Skipped patch 'a/core/modules/media/tests/src/FunctionalJavascript/MediaSourceFileTest.php => b/core/modules/media/tests/src/FunctionalJavascript/MediaSourceFileTest.php'.
Skipped patch 'a/core/modules/media/tests/src/FunctionalJavascript/MediaSourceImageTest.php => b/core/modules/media/tests/src/FunctionalJavascript/MediaSourceImageTest.php'.
Skipped patch 'a/core/modules/media/tests/src/FunctionalJavascript/MediaUiJavascriptTest.php => b/core/modules/media/tests/src/FunctionalJavascript/MediaUiJavascriptTest.php'.
Skipped patch 'a/core/modules/media/tests/src/FunctionalJavascript/MediaViewsWizardTest.php => b/core/modules/media/tests/src/FunctionalJavascript/MediaViewsWizardTest.php'.
Skipped patch 'a/core/modules/media/tests/src/Kernel/MediaSourceFileTest.php => b/core/modules/media/tests/src/Kernel/MediaSourceFileTest.php'.
Skipped patch 'a/core/modules/rest/tests/src/Functional/EntityResource/Media/MediaResourceTestBase.php => b/core/modules/rest/tests/src/Functional/EntityResource/Media/MediaResourceTestBase.php'.
Skipped patch 'core/modules/media/config/install/core.entity_form_display.media.file.default.yml => core/profiles/standard/config/optional/core.entity_form_display.media.file.default.yml'.
Skipped patch 'core/modules/media/config/install/core.entity_form_display.media.image.default.yml => core/profiles/standard/config/optional/core.entity_form_display.media.image.default.yml'.
Skipped patch 'core/modules/media/config/install/core.entity_view_display.media.file.default.yml => core/profiles/standard/config/optional/core.entity_view_display.media.file.default.yml'.
Skipped patch 'core/modules/media/config/install/core.entity_view_display.media.image.default.yml => core/profiles/standard/config/optional/core.entity_view_display.media.image.default.yml'.
Skipped patch 'core/modules/media/config/install/field.field.media.file.field_media_file.yml => core/profiles/standard/config/optional/field.field.media.file.field_media_file.yml'.
Skipped patch 'core/modules/media/config/install/field.field.media.image.field_media_image.yml => core/profiles/standard/config/optional/field.field.media.image.field_media_image.yml'.
Skipped patch 'core/modules/media/config/install/field.storage.media.field_media_file.yml => core/profiles/standard/config/optional/field.storage.media.field_media_file.yml'.
Skipped patch 'core/modules/media/config/install/field.storage.media.field_media_image.yml => core/profiles/standard/config/optional/field.storage.media.field_media_image.yml'.
Skipped patch 'core/modules/media/config/install/media.type.file.yml => core/profiles/standard/config/optional/media.type.file.yml'.
Skipped patch 'core/modules/media/config/install/media.type.image.yml => core/profiles/standard/config/optional/media.type.image.yml'.
[39;49m
[33mTesting ability to patch with git apply. This command may produce errors that can be safely ignored.[39m
[33mgit -C 'web/core' apply --check -v '-p2' '/var/folders/56/3lq570yx4ln1j2mjw_rgf4_80000gn/T/5a290b086a706.patch'[39m
[37;41mSkipped patch 'modules/hal/tests/src/Functional/EntityResource/Media/MediaHalJsonAnonTest.php'.
Skipped patch 'modules/media/tests/modules/media_test_type/media_test_type.info.yml'.
Skipped patch 'modules/media/tests/src/Functional/MediaFunctionalTestCreateMediaTypeTrait.php'.
Skipped patch 'modules/media/tests/src/Functional/MediaRevisionTest.php'.
Skipped patch 'modules/media/tests/src/Functional/MediaSourceFileTest.php'.
Skipped patch 'modules/media/tests/src/Functional/MediaUiFunctionalTest.php'.
Skipped patch 'modules/media/tests/src/FunctionalJavascript/MediaSourceFileTest.php'.
Skipped patch 'modules/media/tests/src/FunctionalJavascript/MediaSourceImageTest.php'.
Skipped patch 'modules/media/tests/src/FunctionalJavascript/MediaUiJavascriptTest.php'.
Skipped patch 'modules/media/tests/src/FunctionalJavascript/MediaViewsWizardTest.php'.
Skipped patch 'modules/media/tests/src/Kernel/MediaSourceFileTest.php'.
Skipped patch 'modules/rest/tests/src/Functional/EntityResource/Media/MediaResourceTestBase.php'.
Skipped patch 'modules/media/config/install/core.entity_form_display.media.file.default.yml => profiles/standard/config/optional/core.entity_form_display.media.file.default.yml'.
Skipped patch 'modules/media/config/install/core.entity_form_display.media.image.default.yml => profiles/standard/config/optional/core.entity_form_display.media.image.default.yml'.
Skipped patch 'modules/media/config/install/core.entity_view_display.media.file.default.yml => profiles/standard/config/optional/core.entity_view_display.media.file.default.yml'.
Skipped patch 'modules/media/config/install/core.entity_view_display.media.image.default.yml => profiles/standard/config/optional/core.entity_view_display.media.image.default.yml'.
Skipped patch 'modules/media/config/install/field.field.media.file.field_media_file.yml => profiles/standard/config/optional/field.field.media.file.field_media_file.yml'.
Skipped patch 'modules/media/config/install/field.field.media.image.field_media_image.yml => profiles/standard/config/optional/field.field.media.image.field_media_image.yml'.
Skipped patch 'modules/media/config/install/field.storage.media.field_media_file.yml => profiles/standard/config/optional/field.storage.media.field_media_file.yml'.
Skipped patch 'modules/media/config/install/field.storage.media.field_media_image.yml => profiles/standard/config/optional/field.storage.media.field_media_image.yml'.
Skipped patch 'modules/media/config/install/media.type.file.yml => profiles/standard/config/optional/media.type.file.yml'.
Skipped patch 'modules/media/config/install/media.type.image.yml => profiles/standard/config/optional/media.type.image.yml'.
[39;49m
[33mTesting ability to patch with git apply. This command may produce errors that can be safely ignored.[39m
[33mgit -C 'web/core' apply --check -v '-p4' '/var/folders/56/3lq570yx4ln1j2mjw_rgf4_80000gn/T/5a290b086a706.patch'[39m
[37;41mSkipped patch 'tests/src/Functional/EntityResource/Media/MediaHalJsonAnonTest.php'.
Skipped patch 'tests/modules/media_test_type/media_test_type.info.yml'.
Skipped patch 'tests/src/Functional/MediaFunctionalTestCreateMediaTypeTrait.php'.
Skipped patch 'tests/src/Functional/MediaRevisionTest.php'.
Skipped patch 'tests/src/Functional/MediaSourceFileTest.php'.
Skipped patch 'tests/src/Functional/MediaUiFunctionalTest.php'.
Skipped patch 'tests/src/FunctionalJavascript/MediaSourceFileTest.php'.
Skipped patch 'tests/src/FunctionalJavascript/MediaSourceImageTest.php'.
Skipped patch 'tests/src/FunctionalJavascript/MediaUiJavascriptTest.php'.
Skipped patch 'tests/src/FunctionalJavascript/MediaViewsWizardTest.php'.
Skipped patch 'tests/src/Kernel/MediaSourceFileTest.php'.
Skipped patch 'tests/src/Functional/EntityResource/Media/MediaResourceTestBase.php'.
Skipped patch 'config/install/core.entity_form_display.media.file.default.yml => config/optional/core.entity_form_display.media.file.default.yml'.
Skipped patch 'config/install/core.entity_form_display.media.image.default.yml => config/optional/core.entity_form_display.media.image.default.yml'.
Skipped patch 'config/install/core.entity_view_display.media.file.default.yml => config/optional/core.entity_view_display.media.file.default.yml'.
Skipped patch 'config/install/core.entity_view_display.media.image.default.yml => config/optional/core.entity_view_display.media.image.default.yml'.
Skipped patch 'config/install/field.field.media.file.field_media_file.yml => config/optional/field.field.media.file.field_media_file.yml'.
Skipped patch 'config/install/field.field.media.image.field_media_image.yml => config/optional/field.field.media.image.field_media_image.yml'.
Skipped patch 'config/install/field.storage.media.field_media_file.yml => config/optional/field.storage.media.field_media_file.yml'.
Skipped patch 'config/install/field.storage.media.field_media_image.yml => config/optional/field.storage.media.field_media_image.yml'.
Skipped patch 'config/install/media.type.file.yml => config/optional/media.type.file.yml'.
Skipped patch 'config/install/media.type.image.yml => config/optional/media.type.image.yml'.
[39;49m
[33mpatch '-p1' --no-backup-if-mismatch -d 'web/core' < '/var/folders/56/3lq570yx4ln1j2mjw_rgf4_80000gn/T/5a290b086a706.patch'[39m
[33mcan't find file to patch at input line 5
Perhaps you used the wrong -p or --strip option?
The text leading up to this was:
--------------------------
|diff --git a/core/modules/hal/tests/src/Functional/EntityResource/Media/MediaHalJsonAnonTest.php b/core/modules/hal/tests/src/Functional/EntityResource/Media/MediaHalJsonAnonTest.php
|index afa9465..c71b54e 100644
|--- a/core/modules/hal/tests/src/Functional/EntityResource/Media/MediaHalJsonAnonTest.php
|+++ b/core/modules/hal/tests/src/Functional/EntityResource/Media/MediaHalJsonAnonTest.php
--------------------------
File to patch: 
Skip this patch? [y] 
Skipping patch.
[39m
[33m2 out of 2 hunks ignored
can't find file to patch at input line 27
Perhaps you used the wrong -p or --strip option?
The text leading up to this was:
--------------------------
|diff --git a/core/modules/media/tests/modules/media_test_type/media_test_type.info.yml b/core/modules/media/tests/modules/media_test_type/media_test_type.info.yml
|index 7eec4e3..349aa21 100644
|--- a/core/modules/media/tests/modules/media_test_type/media_test_type.info.yml
|+++ b/core/modules/media/tests/modules/media_test_type/media_test_type.info.yml
--------------------------
File to patch: 
Skip this patch? [y] 
Skipping patch.
[39m
[33m1 out of 1 hunk ignored
[39m
[33mcan't find file to patch at input line 37
Perhaps you used the wrong -p or --strip option?
The text leading up to this was:
--------------------------
|diff --git a/core/modules/media/tests/src/Functional/MediaFunctionalTestCreateMediaTypeTrait.php b/core/modules/media/tests/src/Functional/MediaFunctionalTestCreateMediaTypeTrait.php
|index 4197caa..2a72edd 100644
|--- a/core/modules/media/tests/src/Functional/MediaFunctionalTestCreateMediaTypeTrait.php
|+++ b/core/modules/media/tests/src/Functional/MediaFunctionalTestCreateMediaTypeTrait.php
--------------------------
File to patch: 
Skip this patch? [y] 
Skipping patch.
[39m
[33m2 out of 2 hunks ignored
[39m
[33mcan't find file to patch at input line 61
Perhaps you used the wrong -p or --strip option?
The text leading up to this was:
--------------------------
|diff --git a/core/modules/media/tests/src/Functional/MediaRevisionTest.php b/core/modules/media/tests/src/Functional/MediaRevisionTest.php
|index b8ff7c5..265e50f 100644
|--- a/core/modules/media/tests/src/Functional/MediaRevisionTest.php
|+++ b/core/modules/media/tests/src/Functional/MediaRevisionTest.php
--------------------------
File to patch: 
Skip this patch? [y] 
Skipping patch.
[39m
[33m2 out of 2 hunks ignored
[39m
[33mcan't find file to patch at input line 83
Perhaps you used the wrong -p or --strip option?
The text leading up to this was:
--------------------------
|diff --git a/core/modules/media/tests/src/Functional/MediaSourceFileTest.php b/core/modules/media/tests/src/Functional/MediaSourceFileTest.php
|index b2e4f50..18131a4 100644
|--- a/core/modules/media/tests/src/Functional/MediaSourceFileTest.php
|+++ b/core/modules/media/tests/src/Functional/MediaSourceFileTest.php
--------------------------
File to patch: 
Skip this patch? [y] 
Skipping patch.
[39m
[33m2 out of 2 hunks ignored
[39m
[33mcan't find file to patch at input line 113
Perhaps you used the wrong -p or --strip option?
The text leading up to this was:
--------------------------
|diff --git a/core/modules/media/tests/src/Functional/MediaUiFunctionalTest.php b/core/modules/media/tests/src/Functional/MediaUiFunctionalTest.php
|index 74ac67c..4aa3f00 100644
|--- a/core/modules/media/tests/src/Functional/MediaUiFunctionalTest.php
|+++ b/core/modules/media/tests/src/Functional/MediaUiFunctionalTest.php
--------------------------
File to patch: 
Skip this patch? [y] 
Skipping patch.
[39m
[33m3 out of 3 hunks ignored
[39m
[33mcan't find file to patch at input line 146
Perhaps you used the wrong -p or --strip option?
The text leading up to this was:
--------------------------
|diff --git a/core/modules/media/tests/src/FunctionalJavascript/MediaSourceFileTest.php b/core/modules/media/tests/src/FunctionalJavascript/MediaSourceFileTest.php
|index e32627d..d044849 100644
|--- a/core/modules/media/tests/src/FunctionalJavascript/MediaSourceFileTest.php
|+++ b/core/modules/media/tests/src/FunctionalJavascript/MediaSourceFileTest.php
--------------------------
File to patch: 
Skip this patch? [y] 
Skipping patch.
[39m
[33m2 out of 2 hunks ignored
[39m
[33mcan't find file to patch at input line 176
Perhaps you used the wrong -p or --strip option?
The text leading up to this was:
--------------------------
|diff --git a/core/modules/media/tests/src/FunctionalJavascript/MediaSourceImageTest.php b/core/modules/media/tests/src/FunctionalJavascript/MediaSourceImageTest.php
|index dd99442..708cec0 100644
|--- a/core/modules/media/tests/src/FunctionalJavascript/MediaSourceImageTest.php
|+++ b/core/modules/media/tests/src/FunctionalJavascript/MediaSourceImageTest.php
--------------------------
File to patch: 
Skip this patch? [y] 
Skipping patch.
[39m
[33m2 out of 2 hunks ignored
[39m
[33mcan't find file to patch at input line 207
Perhaps you used the wrong -p or --strip option?
The text leading up to this was:
--------------------------
|diff --git a/core/modules/media/tests/src/FunctionalJavascript/MediaUiJavascriptTest.php b/core/modules/media/tests/src/FunctionalJavascript/MediaUiJavascriptTest.php
|index 981da61..4854a5f 100644
|--- a/core/modules/media/tests/src/FunctionalJavascript/MediaUiJavascriptTest.php
|+++ b/core/modules/media/tests/src/FunctionalJavascript/MediaUiJavascriptTest.php
--------------------------
File to patch: 
Skip this patch? [y] 
Skipping patch.
[39m
[33m1 out of 1 hunk ignored
[39m
[33mcan't find file to patch at input line 223
Perhaps you used the wrong -p or --strip option?
The text leading up to this was:
--------------------------
|diff --git a/core/modules/media/tests/src/FunctionalJavascript/MediaViewsWizardTest.php b/core/modules/media/tests/src/FunctionalJavascript/MediaViewsWizardTest.php
|index 94e89c6..df71943 100644
|--- a/core/modules/media/tests/src/FunctionalJavascript/MediaViewsWizardTest.php
|+++ b/core/modules/media/tests/src/FunctionalJavascript/MediaViewsWizardTest.php
--------------------------
File to patch: 
Skip this patch? [y] 
Skipping patch.
[39m
[33m1 out of 1 hunk ignored
[39m
[33mcan't find file to patch at input line 236
Perhaps you used the wrong -p or --strip option?
The text leading up to this was:
--------------------------
|diff --git a/core/modules/media/tests/src/Kernel/MediaSourceFileTest.php b/core/modules/media/tests/src/Kernel/MediaSourceFileTest.php
|index d716e15..65d4723 100644
|--- a/core/modules/media/tests/src/Kernel/MediaSourceFileTest.php
|+++ b/core/modules/media/tests/src/Kernel/MediaSourceFileTest.php
--------------------------
File to patch: 
Skip this patch? [y] 
Skipping patch.
[39m
[33m2 out of 2 hunks ignored
[39m
[33mcan't find file to patch at input line 268
Perhaps you used the wrong -p or --strip option?
The text leading up to this was:
--------------------------
|diff --git a/core/modules/rest/tests/src/Functional/EntityResource/Media/MediaResourceTestBase.php b/core/modules/rest/tests/src/Functional/EntityResource/Media/MediaResourceTestBase.php
|index f5bfa14..475a1ca 100644
|--- a/core/modules/rest/tests/src/Functional/EntityResource/Media/MediaResourceTestBase.php
|+++ b/core/modules/rest/tests/src/Functional/EntityResource/Media/MediaResourceTestBase.php
--------------------------
File to patch: 
Skip this patch? [y] 
Skipping patch.
[39m
[33m2 out of 2 hunks ignored
[39m
[33mCannot rename file without two valid file names
[39m
[33mCannot rename file without two valid file names
[39m
[33mCannot rename file without two valid file names
[39m
[33mCannot rename file without two valid file names
[39m
[33mCannot rename file without two valid file names
[39m
[33mCannot rename file without two valid file names
[39m
[33mCannot rename file without two valid file names
[39m
[33mCannot rename file without two valid file names
[39m
[33mCannot rename file without two valid file names
[39m
[33mCannot rename file without two valid file names
[39m
[33mpatch '-p0' --no-backup-if-mismatch -d 'web/core' < '/var/folders/56/3lq570yx4ln1j2mjw_rgf4_80000gn/T/5a290b086a706.patch'[39m
[33mcan't find file to patch at input line 5
Perhaps you used the wrong -p or --strip option?
The text leading up to this was:
--------------------------
|diff --git a/core/modules/hal/tests/src/Functional/EntityResource/Media/MediaHalJsonAnonTest.php b/core/modules/hal/tests/src/Functional/EntityResource/Media/MediaHalJsonAnonTest.php
|index afa9465..c71b54e 100644
|--- a/core/modules/hal/tests/src/Functional/EntityResource/Media/MediaHalJsonAnonTest.php
|+++ b/core/modules/hal/tests/src/Functional/EntityResource/Media/MediaHalJsonAnonTest.php
--------------------------
File to patch: 
Skip this patch? [y] 
Skipping patch.
[39m
[33m2 out of 2 hunks ignored
can't find file to patch at input line 27
Perhaps you used the wrong -p or --strip option?
The text leading up to this was:
--------------------------
|diff --git a/core/modules/media/tests/modules/media_test_type/media_test_type.info.yml b/core/modules/media/tests/modules/media_test_type/media_test_type.info.yml
|index 7eec4e3..349aa21 100644
|--- a/core/modules/media/tests/modules/media_test_type/media_test_type.info.yml
|+++ b/core/modules/media/tests/modules/media_test_type/media_test_type.info.yml
--------------------------
File to patch: 
Skip this patch? [y] 
Skipping patch.
[39m
[33m1 out of 1 hunk ignored
[39m
[33mcan't find file to patch at input line 37
Perhaps you used the wrong -p or --strip option?
The text leading up to this was:
--------------------------
|diff --git a/core/modules/media/tests/src/Functional/MediaFunctionalTestCreateMediaTypeTrait.php b/core/modules/media/tests/src/Functional/MediaFunctionalTestCreateMediaTypeTrait.php
|index 4197caa..2a72edd 100644
|--- a/core/modules/media/tests/src/Functional/MediaFunctionalTestCreateMediaTypeTrait.php
|+++ b/core/modules/media/tests/src/Functional/MediaFunctionalTestCreateMediaTypeTrait.php
--------------------------
File to patch: 
Skip this patch? [y] 
Skipping patch.
[39m
[33m2 out of 2 hunks ignored
can't find file to patch at input line 61
Perhaps you used the wrong -p or --strip option?
The text leading up to this was:
--------------------------
[39m
[33m|diff --git a/core/modules/media/tests/src/Functional/MediaRevisionTest.php b/core/modules/media/tests/src/Functional/MediaRevisionTest.php
|index b8ff7c5..265e50f 100644
|--- a/core/modules/media/tests/src/Functional/MediaRevisionTest.php
|+++ b/core/modules/media/tests/src/Functional/MediaRevisionTest.php
--------------------------
File to patch: 
Skip this patch? [y] 
Skipping patch.
[39m
[33m2 out of 2 hunks ignored
[39m
[33mcan't find file to patch at input line 83
Perhaps you used the wrong -p or --strip option?
The text leading up to this was:
--------------------------
|diff --git a/core/modules/media/tests/src/Functional/MediaSourceFileTest.php b/core/modules/media/tests/src/Functional/MediaSourceFileTest.php
|index b2e4f50..18131a4 100644
|--- a/core/modules/media/tests/src/Functional/MediaSourceFileTest.php
|+++ b/core/modules/media/tests/src/Functional/MediaSourceFileTest.php
--------------------------
File to patch: 
Skip this patch? [y] 
Skipping patch.
[39m
[33m2 out of 2 hunks ignored
[39m
[33mcan't find file to patch at input line 113
Perhaps you used the wrong -p or --strip option?
The text leading up to this was:
--------------------------
|diff --git a/core/modules/media/tests/src/Functional/MediaUiFunctionalTest.php b/core/modules/media/tests/src/Functional/MediaUiFunctionalTest.php
|index 74ac67c..4aa3f00 100644
|--- a/core/modules/media/tests/src/Functional/MediaUiFunctionalTest.php
|+++ b/core/modules/media/tests/src/Functional/MediaUiFunctionalTest.php
--------------------------
File to patch: 
Skip this patch? [y] 
Skipping patch.
[39m
[33m3 out of 3 hunks ignored
can't find file to patch at input line 146
Perhaps you used the wrong -p or --strip option?
The text leading up to this was:
--------------------------
[39m
[33m|diff --git a/core/modules/media/tests/src/FunctionalJavascript/MediaSourceFileTest.php b/core/modules/media/tests/src/FunctionalJavascript/MediaSourceFileTest.php
|index e32627d..d044849 100644
|--- a/core/modules/media/tests/src/FunctionalJavascript/MediaSourceFileTest.php
|+++ b/core/modules/media/tests/src/FunctionalJavascript/MediaSourceFileTest.php
--------------------------
File to patch: 
Skip this patch? [y] 
Skipping patch.
[39m
[33m2 out of 2 hunks ignored
[39m
[33mcan't find file to patch at input line 176
Perhaps you used the wrong -p or --strip option?
The text leading up to this was:
--------------------------
|diff --git a/core/modules/media/tests/src/FunctionalJavascript/MediaSourceImageTest.php b/core/modules/media/tests/src/FunctionalJavascript/MediaSourceImageTest.php
|index dd99442..708cec0 100644
|--- a/core/modules/media/tests/src/FunctionalJavascript/MediaSourceImageTest.php
|+++ b/core/modules/media/tests/src/FunctionalJavascript/MediaSourceImageTest.php
--------------------------
File to patch: 
Skip this patch? [y] 
Skipping patch.
[39m
[33m2 out of 2 hunks ignored
[39m
[33mcan't find file to patch at input line 207
Perhaps you used the wrong -p or --strip option?
The text leading up to this was:
--------------------------
|diff --git a/core/modules/media/tests/src/FunctionalJavascript/MediaUiJavascriptTest.php b/core/modules/media/tests/src/FunctionalJavascript/MediaUiJavascriptTest.php
|index 981da61..4854a5f 100644
|--- a/core/modules/media/tests/src/FunctionalJavascript/MediaUiJavascriptTest.php
|+++ b/core/modules/media/tests/src/FunctionalJavascript/MediaUiJavascriptTest.php
--------------------------
File to patch: 
Skip this patch? [y] 
Skipping patch.
[39m
[33m1 out of 1 hunk ignored
can't find file to patch at input line 223
Perhaps you used the wrong -p or --strip option?
The text leading up to this was:
--------------------------
[39m
[33m|diff --git a/core/modules/media/tests/src/FunctionalJavascript/MediaViewsWizardTest.php b/core/modules/media/tests/src/FunctionalJavascript/MediaViewsWizardTest.php
|index 94e89c6..df71943 100644
|--- a/core/modules/media/tests/src/FunctionalJavascript/MediaViewsWizardTest.php
|+++ b/core/modules/media/tests/src/FunctionalJavascript/MediaViewsWizardTest.php
--------------------------
File to patch: 
Skip this patch? [y] 
Skipping patch.
[39m
[33m1 out of 1 hunk ignored
[39m
[33mcan't find file to patch at input line 236
Perhaps you used the wrong -p or --strip option?
The text leading up to this was:
--------------------------
|diff --git a/core/modules/media/tests/src/Kernel/MediaSourceFileTest.php b/core/modules/media/tests/src/Kernel/MediaSourceFileTest.php
|index d716e15..65d4723 100644
|--- a/core/modules/media/tests/src/Kernel/MediaSourceFileTest.php
|+++ b/core/modules/media/tests/src/Kernel/MediaSourceFileTest.php
--------------------------
File to patch: 
Skip this patch? [y] 
Skipping patch.
[39m
[33m2 out of 2 hunks ignored
[39m
[33mcan't find file to patch at input line 268
Perhaps you used the wrong -p or --strip option?
The text leading up to this was:
--------------------------
|diff --git a/core/modules/rest/tests/src/Functional/EntityResource/Media/MediaResourceTestBase.php b/core/modules/rest/tests/src/Functional/EntityResource/Media/MediaResourceTestBase.php
|index f5bfa14..475a1ca 100644
|--- a/core/modules/rest/tests/src/Functional/EntityResource/Media/MediaResourceTestBase.php
|+++ b/core/modules/rest/tests/src/Functional/EntityResource/Media/MediaResourceTestBase.php
--------------------------
File to patch: 
Skip this patch? [y] 
Skipping patch.
[39m
[33m2 out of 2 hunks ignored
[39m
[33mCannot rename file without two valid file names
[39m
[33mCannot rename file without two valid file names
[39m
[33mCannot rename file without two valid file names
[39m
[33mCannot rename file without two valid file names
[39m
[33mCannot rename file without two valid file names
[39m
[33mCannot rename file without two valid file names
[39m
[33mCannot rename file without two valid file names
[39m
[33mCannot rename file without two valid file names
[39m
[33mCannot rename file without two valid file names
[39m
[33mCannot rename file without two valid file names
[39m
[33mpatch '-p2' --no-backup-if-mismatch -d 'web/core' < '/var/folders/56/3lq570yx4ln1j2mjw_rgf4_80000gn/T/5a290b086a706.patch'[39m
[33mpatching file modules/hal/tests/src/Functional/EntityResource/Media/MediaHalJsonAnonTest.php
[39m
[33mpatching file modules/media/tests/modules/media_test_type/media_test_type.info.yml
[39m
[33mpatching file modules/media/tests/src/Functional/MediaFunctionalTestCreateMediaTypeTrait.php
[39m
[33mpatching file modules/media/tests/src/Functional/MediaRevisionTest.php
[39m
[33mpatching file modules/media/tests/src/Functional/MediaSourceFileTest.php
[39m
[33mpatching file modules/media/tests/src/Functional/MediaUiFunctionalTest.php
[39m
[33mpatching file modules/media/tests/src/FunctionalJavascript/MediaSourceFileTest.php
[39m
[33mpatching file modules/media/tests/src/FunctionalJavascript/MediaSourceImageTest.php
[39m
[33mpatching file modules/media/tests/src/FunctionalJavascript/MediaUiJavascriptTest.php
[39m
[33mpatching file modules/media/tests/src/FunctionalJavascript/MediaViewsWizardTest.php
[39m
[33mpatching file modules/media/tests/src/Kernel/MediaSourceFileTest.php
[39m
[33mpatching file modules/rest/tests/src/Functional/EntityResource/Media/MediaResourceTestBase.php
[39m
[33mpatching file profiles/standard/config/optional/core.entity_form_display.media.file.default.yml (renamed from modules/media/config/install/core.entity_form_display.media.file.default.yml)
[39m
[33mpatching file profiles/standard/config/optional/core.entity_form_display.media.image.default.yml (renamed from modules/media/config/install/core.entity_form_display.media.image.default.yml)
[39m
[33mpatching file profiles/standard/config/optional/core.entity_view_display.media.file.default.yml (renamed from modules/media/config/install/core.entity_view_display.media.file.default.yml)
[39m
[33mpatching file profiles/standard/config/optional/core.entity_view_display.media.image.default.yml (renamed from modules/media/config/install/core.entity_view_display.media.image.default.yml)
[39m
[33mpatching file profiles/standard/config/optional/field.field.media.file.field_media_file.yml (renamed from modules/media/config/install/field.field.media.file.field_media_file.yml)
[39m
[33mpatching file profiles/standard/config/optional/field.field.media.image.field_media_image.yml (renamed from modules/media/config/install/field.field.media.image.field_media_image.yml)
[39m
[33mpatching file profiles/standard/config/optional/field.storage.media.field_media_file.yml (renamed from modules/media/config/install/field.storage.media.field_media_file.yml)
[39m
[33mpatching file profiles/standard/config/optional/field.storage.media.field_media_image.yml (renamed from modules/media/config/install/field.storage.media.field_media_image.yml)
[39m
[33mpatching file profiles/standard/config/optional/media.type.file.yml (renamed from modules/media/config/install/media.type.file.yml)
[39m
[33mpatching file profiles/standard/config/optional/media.type.image.yml (renamed from modules/media/config/install/media.type.image.yml)
[39m
    [32mhttps://www.drupal.org/files/issues/2877383-23.patch[39m ([33m2877383 - Add action support to Media module[39m)
[33mTesting ability to patch with git apply. This command may produce errors that can be safely ignored.[39m
[33mgit -C 'web/core' apply --check -v '-p1' '/var/folders/56/3lq570yx4ln1j2mjw_rgf4_80000gn/T/5a290b08c39cd.patch'[39m
[37;41mSkipped patch 'core/modules/media/config/optional/system.action.media_delete_action.yml'.
Skipped patch 'core/modules/media/config/optional/system.action.media_publish_action.yml'.
Skipped patch 'core/modules/media/config/optional/system.action.media_save_action.yml'.
Skipped patch 'core/modules/media/config/optional/system.action.media_unpublish_action.yml'.
Skipped patch 'core/modules/media/config/optional/views.view.media.yml'.
Skipped patch 'core/modules/media/config/schema/media.schema.yml'.
Skipped patch 'core/modules/media/config/schema/media.views.schema.yml'.
Skipped patch 'core/modules/media/src/Plugin/Action/DeleteMedia.php'.
Skipped patch 'core/modules/media/src/Plugin/Action/PublishMedia.php'.
Skipped patch 'core/modules/media/src/Plugin/Action/SaveMedia.php'.
Skipped patch 'core/modules/media/src/Plugin/Action/UnpublishMedia.php'.
Skipped patch 'core/modules/media/tests/modules/media_test_views/config/install/views.view.test_media_bulk_form.yml'.
Skipped patch 'core/modules/media/tests/src/Functional/MediaBulkFormTest.php'.
[39;49m
[33mTesting ability to patch with git apply. This command may produce errors that can be safely ignored.[39m
[33mgit -C 'web/core' apply --check -v '-p0' '/var/folders/56/3lq570yx4ln1j2mjw_rgf4_80000gn/T/5a290b08c39cd.patch'[39m
[37;41mSkipped patch 'b/core/modules/media/config/optional/system.action.media_delete_action.yml'.
Skipped patch 'b/core/modules/media/config/optional/system.action.media_publish_action.yml'.
Skipped patch 'b/core/modules/media/config/optional/system.action.media_save_action.yml'.
Skipped patch 'b/core/modules/media/config/optional/system.action.media_unpublish_action.yml'.
Skipped patch 'a/core/modules/media/config/optional/views.view.media.yml => b/core/modules/media/config/optional/views.view.media.yml'.
Skipped patch 'a/core/modules/media/config/schema/media.schema.yml => b/core/modules/media/config/schema/media.schema.yml'.
Skipped patch 'b/core/modules/media/config/schema/media.views.schema.yml'.
Skipped patch 'b/core/modules/media/src/Plugin/Action/DeleteMedia.php'.
Skipped patch 'b/core/modules/media/src/Plugin/Action/PublishMedia.php'.
Skipped patch 'b/core/modules/media/src/Plugin/Action/SaveMedia.php'.
Skipped patch 'b/core/modules/media/src/Plugin/Action/UnpublishMedia.php'.
Skipped patch 'b/core/modules/media/tests/modules/media_test_views/config/install/views.view.test_media_bulk_form.yml'.
Skipped patch 'b/core/modules/media/tests/src/Functional/MediaBulkFormTest.php'.
[39;49m
[33mTesting ability to patch with git apply. This command may produce errors that can be safely ignored.[39m
[33mgit -C 'web/core' apply --check -v '-p2' '/var/folders/56/3lq570yx4ln1j2mjw_rgf4_80000gn/T/5a290b08c39cd.patch'[39m
[37;41mSkipped patch 'modules/media/config/optional/system.action.media_delete_action.yml'.
Skipped patch 'modules/media/config/optional/system.action.media_publish_action.yml'.
Skipped patch 'modules/media/config/optional/system.action.media_save_action.yml'.
Skipped patch 'modules/media/config/optional/system.action.media_unpublish_action.yml'.
Skipped patch 'modules/media/config/optional/views.view.media.yml'.
Skipped patch 'modules/media/config/schema/media.schema.yml'.
Skipped patch 'modules/media/config/schema/media.views.schema.yml'.
Skipped patch 'modules/media/src/Plugin/Action/DeleteMedia.php'.
Skipped patch 'modules/media/src/Plugin/Action/PublishMedia.php'.
Skipped patch 'modules/media/src/Plugin/Action/SaveMedia.php'.
Skipped patch 'modules/media/src/Plugin/Action/UnpublishMedia.php'.
Skipped patch 'modules/media/tests/modules/media_test_views/config/install/views.view.test_media_bulk_form.yml'.
Skipped patch 'modules/media/tests/src/Functional/MediaBulkFormTest.php'.
[39;49m
[33mTesting ability to patch with git apply. This command may produce errors that can be safely ignored.[39m
[33mgit -C 'web/core' apply --check -v '-p4' '/var/folders/56/3lq570yx4ln1j2mjw_rgf4_80000gn/T/5a290b08c39cd.patch'[39m
[37;41mSkipped patch 'config/optional/system.action.media_delete_action.yml'.
Skipped patch 'config/optional/system.action.media_publish_action.yml'.
Skipped patch 'config/optional/system.action.media_save_action.yml'.
Skipped patch 'config/optional/system.action.media_unpublish_action.yml'.
Skipped patch 'config/optional/views.view.media.yml'.
Skipped patch 'config/schema/media.schema.yml'.
Skipped patch 'config/schema/media.views.schema.yml'.
Skipped patch 'src/Plugin/Action/DeleteMedia.php'.
Skipped patch 'src/Plugin/Action/PublishMedia.php'.
Skipped patch 'src/Plugin/Action/SaveMedia.php'.
Skipped patch 'src/Plugin/Action/UnpublishMedia.php'.
Skipped patch 'tests/modules/media_test_views/config/install/views.view.test_media_bulk_form.yml'.
Skipped patch 'tests/src/Functional/MediaBulkFormTest.php'.
[39;49m
[33mpatch '-p1' --no-backup-if-mismatch -d 'web/core' < '/var/folders/56/3lq570yx4ln1j2mjw_rgf4_80000gn/T/5a290b08c39cd.patch'[39m
[33mpatching file core/modules/media/config/optional/system.action.media_delete_action.yml
[39m
[33mpatching file core/modules/media/config/optional/system.action.media_publish_action.yml
patching file core/modules/media/config/optional/system.action.media_save_action.yml
[39m
[33mpatching file core/modules/media/config/optional/system.action.media_unpublish_action.yml
[39m
[33mcan't find file to patch at input line 69
Perhaps you used the wrong -p or --strip option?
The text leading up to this was:
--------------------------
|diff --git a/core/modules/media/config/optional/views.view.media.yml b/core/modules/media/config/optional/views.view.media.yml
|index 88e9fef139..7480f30a96 100644
|--- a/core/modules/media/config/optional/views.view.media.yml
|+++ b/core/modules/media/config/optional/views.view.media.yml
--------------------------
File to patch: [39m
[33m
Skip this patch? [y] 
Skipping patch.
[39m
[33m1 out of 1 hunk ignored
[39m
[33mcan't find file to patch at input line 133
Perhaps you used the wrong -p or --strip option?
The text leading up to this was:
--------------------------
|diff --git a/core/modules/media/config/schema/media.schema.yml b/core/modules/media/config/schema/media.schema.yml
|index dad518985a..5f8d6edfa3 100644
|--- a/core/modules/media/config/schema/media.schema.yml
|+++ b/core/modules/media/config/schema/media.schema.yml
--------------------------
File to patch: 
Skip this patch? [y] 
Skipping patch.
[39m
[33m1 out of 1 hunk ignored
[39m
[33mpatching file core/modules/media/config/schema/media.views.schema.yml
[39m
[33mpatching file core/modules/media/src/Plugin/Action/DeleteMedia.php
[39m
[33mpatching file core/modules/media/src/Plugin/Action/PublishMedia.php
[39m
[33mpatching file core/modules/media/src/Plugin/Action/SaveMedia.php
[39m
[33mpatching file core/modules/media/src/Plugin/Action/UnpublishMedia.php
[39m
[33mpatching file core/modules/media/tests/modules/media_test_views/config/install/views.view.test_media_bulk_form.yml
[39m
[33mpatching file core/modules/media/tests/src/Functional/MediaBulkFormTest.php
[39m
[33mpatch '-p0' --no-backup-if-mismatch -d 'web/core' < '/var/folders/56/3lq570yx4ln1j2mjw_rgf4_80000gn/T/5a290b08c39cd.patch'[39m
[33mpatching file b/core/modules/media/config/optional/system.action.media_delete_action.yml
[39m
[33mpatching file b/core/modules/media/config/optional/system.action.media_publish_action.yml
[39m
[33mpatching file b/core/modules/media/config/optional/system.action.media_save_action.yml
[39m
[33mpatching file b/core/modules/media/config/optional/system.action.media_unpublish_action.yml
[39m
[33mcan't find file to patch at input line 69
Perhaps you used the wrong -p or --strip option?
The text leading up to this was:
--------------------------
[39m
[33m|diff --git a/core/modules/media/config/optional/views.view.media.yml b/core/modules/media/config/optional/views.view.media.yml
|index 88e9fef139..7480f30a96 100644
|--- a/core/modules/media/config/optional/views.view.media.yml
|+++ b/core/modules/media/config/optional/views.view.media.yml
--------------------------
File to patch: 
Skip this patch? [y] 
Skipping patch.
[39m
[33m1 out of 1 hunk ignored
can't find file to patch at input line 133
Perhaps you used the wrong -p or --strip option?
The text leading up to this was:
--------------------------
[39m
[33m|diff --git a/core/modules/media/config/schema/media.schema.yml b/core/modules/media/config/schema/media.schema.yml
|index dad518985a..5f8d6edfa3 100644
|--- a/core/modules/media/config/schema/media.schema.yml
|+++ b/core/modules/media/config/schema/media.schema.yml
--------------------------
File to patch: 
Skip this patch? [y] 
Skipping patch.
[39m
[33m1 out of 1 hunk ignored
[39m
[33mpatching file b/core/modules/media/config/schema/media.views.schema.yml
[39m
[33mpatching file b/core/modules/media/src/Plugin/Action/DeleteMedia.php
[39m
[33mpatching file b/core/modules/media/src/Plugin/Action/PublishMedia.php
[39m
[33mpatching file b/core/modules/media/src/Plugin/Action/SaveMedia.php
[39m
[33mpatching file b/core/modules/media/src/Plugin/Action/UnpublishMedia.php
[39m
[33mpatching file b/core/modules/media/tests/modules/media_test_views/config/install/views.view.test_media_bulk_form.yml
[39m
[33mpatching file b/core/modules/media/tests/src/Functional/MediaBulkFormTest.php
[39m
[33mpatch '-p2' --no-backup-if-mismatch -d 'web/core' < '/var/folders/56/3lq570yx4ln1j2mjw_rgf4_80000gn/T/5a290b08c39cd.patch'[39m
[33mpatching file modules/media/config/optional/system.action.media_delete_action.yml
[39m
[33mpatching file modules/media/config/optional/system.action.media_publish_action.yml
[39m
[33mpatching file modules/media/config/optional/system.action.media_save_action.yml
[39m
[33mpatching file modules/media/config/optional/system.action.media_unpublish_action.yml
[39m
[33mpatching file modules/media/config/optional/views.view.media.yml
[39m
[33mpatching file modules/media/config/schema/media.schema.yml
[39m
[33mpatching file modules/media/config/schema/media.views.schema.yml
[39m
[33mpatching file modules/media/src/Plugin/Action/DeleteMedia.php
[39m
[33mpatching file modules/media/src/Plugin/Action/PublishMedia.php
[39m
[33mpatching file modules/media/src/Plugin/Action/SaveMedia.php
[39m
[33mpatching file modules/media/src/Plugin/Action/UnpublishMedia.php
[39m
[33mpatching file modules/media/tests/modules/media_test_views/config/install/views.view.test_media_bulk_form.yml
[39m
[33mpatching file modules/media/tests/src/Functional/MediaBulkFormTest.php
[39m
    [32mhttps://www.drupal.org/files/issues/2862041-229.patch[39m ([33m2862041 - Provide useful Views filters for Content Moderation State fields[39m)
[33mTesting ability to patch with git apply. This command may produce errors that can be safely ignored.[39m
[33mgit -C 'web/core' apply --check -v '-p1' '/var/folders/56/3lq570yx4ln1j2mjw_rgf4_80000gn/T/5a290b09263ad.patch'[39m
[37;41mSkipped patch 'core/modules/content_moderation/config/schema/content_moderation.views.schema.yml'.
Skipped patch 'core/modules/content_moderation/src/Plugin/views/filter/ModerationStateFilter.php'.
Skipped patch 'core/modules/content_moderation/src/ViewsData.php'.
Skipped patch 'core/modules/content_moderation/tests/modules/content_moderation_test_views/config/install/views.view.test_content_moderation_state_filter.yml'.
Skipped patch 'core/modules/content_moderation/tests/modules/content_moderation_test_views/config/install/views.view.test_content_moderation_state_filter_entity_test.yml'.
Skipped patch 'core/modules/content_moderation/tests/modules/content_moderation_test_views/config/install/views.view.test_content_moderation_state_filter_revision_table.yml'.
Skipped patch 'core/modules/content_moderation/tests/modules/content_moderation_test_views/content_moderation_test_views.info.yml'.
Skipped patch 'core/modules/content_moderation/tests/src/Functional/ViewsModerationStateFilterTest.php'.
Skipped patch 'core/modules/content_moderation/tests/src/Kernel/ViewsModerationStateFilterTest.php'.
Skipped patch 'core/modules/system/tests/modules/entity_test/src/Entity/EntityTestNoBundle.php'.
Skipped patch 'core/modules/views/src/Plugin/views/filter/InOperator.php'.
Skipped patch 'core/modules/workflows/src/WorkflowTypeInterface.php'.
[39;49m
[33mTesting ability to patch with git apply. This command may produce errors that can be safely ignored.[39m
[33mgit -C 'web/core' apply --check -v '-p0' '/var/folders/56/3lq570yx4ln1j2mjw_rgf4_80000gn/T/5a290b09263ad.patch'[39m
[37;41mSkipped patch 'b/core/modules/content_moderation/config/schema/content_moderation.views.schema.yml'.
Skipped patch 'b/core/modules/content_moderation/src/Plugin/views/filter/ModerationStateFilter.php'.
Skipped patch 'a/core/modules/content_moderation/src/ViewsData.php => b/core/modules/content_moderation/src/ViewsData.php'.
Skipped patch 'b/core/modules/content_moderation/tests/modules/content_moderation_test_views/config/install/views.view.test_content_moderation_state_filter.yml'.
Skipped patch 'b/core/modules/content_moderation/tests/modules/content_moderation_test_views/config/install/views.view.test_content_moderation_state_filter_entity_test.yml'.
Skipped patch 'b/core/modules/content_moderation/tests/modules/content_moderation_test_views/config/install/views.view.test_content_moderation_state_filter_revision_table.yml'.
Skipped patch 'a/core/modules/content_moderation/tests/modules/content_moderation_test_views/content_moderation_test_views.info.yml => b/core/modules/content_moderation/tests/modules/content_moderation_test_views/content_moderation_test_views.info.yml'.
Skipped patch 'b/core/modules/content_moderation/tests/src/Functional/ViewsModerationStateFilterTest.php'.
Skipped patch 'b/core/modules/content_moderation/tests/src/Kernel/ViewsModerationStateFilterTest.php'.
Skipped patch 'a/core/modules/system/tests/modules/entity_test/src/Entity/EntityTestNoBundle.php => b/core/modules/system/tests/modules/entity_test/src/Entity/EntityTestNoBundle.php'.
Skipped patch 'a/core/modules/views/src/Plugin/views/filter/InOperator.php => b/core/modules/views/src/Plugin/views/filter/InOperator.php'.
Skipped patch 'a/core/modules/workflows/src/WorkflowTypeInterface.php => b/core/modules/workflows/src/WorkflowTypeInterface.php'.
[39;49m
[33mTesting ability to patch with git apply. This command may produce errors that can be safely ignored.[39m
[33mgit -C 'web/core' apply --check -v '-p2' '/var/folders/56/3lq570yx4ln1j2mjw_rgf4_80000gn/T/5a290b09263ad.patch'[39m
[37;41mSkipped patch 'modules/content_moderation/config/schema/content_moderation.views.schema.yml'.
Skipped patch 'modules/content_moderation/src/Plugin/views/filter/ModerationStateFilter.php'.
Skipped patch 'modules/content_moderation/src/ViewsData.php'.
Skipped patch 'modules/content_moderation/tests/modules/content_moderation_test_views/config/install/views.view.test_content_moderation_state_filter.yml'.
Skipped patch 'modules/content_moderation/tests/modules/content_moderation_test_views/config/install/views.view.test_content_moderation_state_filter_entity_test.yml'.
Skipped patch 'modules/content_moderation/tests/modules/content_moderation_test_views/config/install/views.view.test_content_moderation_state_filter_revision_table.yml'.
Skipped patch 'modules/content_moderation/tests/modules/content_moderation_test_views/content_moderation_test_views.info.yml'.
Skipped patch 'modules/content_moderation/tests/src/Functional/ViewsModerationStateFilterTest.php'.
Skipped patch 'modules/content_moderation/tests/src/Kernel/ViewsModerationStateFilterTest.php'.
Skipped patch 'modules/system/tests/modules/entity_test/src/Entity/EntityTestNoBundle.php'.
Skipped patch 'modules/views/src/Plugin/views/filter/InOperator.php'.
Skipped patch 'modules/workflows/src/WorkflowTypeInterface.php'.
[39;49m
[33mTesting ability to patch with git apply. This command may produce errors that can be safely ignored.[39m
[33mgit -C 'web/core' apply --check -v '-p4' '/var/folders/56/3lq570yx4ln1j2mjw_rgf4_80000gn/T/5a290b09263ad.patch'[39m
[37;41mSkipped patch 'config/schema/content_moderation.views.schema.yml'.
Skipped patch 'src/Plugin/views/filter/ModerationStateFilter.php'.
Skipped patch 'src/ViewsData.php'.
Skipped patch 'tests/modules/content_moderation_test_views/config/install/views.view.test_content_moderation_state_filter.yml'.
Skipped patch 'tests/modules/content_moderation_test_views/config/install/views.view.test_content_moderation_state_filter_entity_test.yml'.
Skipped patch 'tests/modules/content_moderation_test_views/config/install/views.view.test_content_moderation_state_filter_revision_table.yml'.
Skipped patch 'tests/modules/content_moderation_test_views/content_moderation_test_views.info.yml'.
Skipped patch 'tests/src/Functional/ViewsModerationStateFilterTest.php'.
Skipped patch 'tests/src/Kernel/ViewsModerationStateFilterTest.php'.
Skipped patch 'tests/modules/entity_test/src/Entity/EntityTestNoBundle.php'.
Skipped patch 'src/Plugin/views/filter/InOperator.php'.
Skipped patch 'src/WorkflowTypeInterface.php'.
[39;49m
[33mpatch '-p1' --no-backup-if-mismatch -d 'web/core' < '/var/folders/56/3lq570yx4ln1j2mjw_rgf4_80000gn/T/5a290b09263ad.patch'[39m
[33mpatching file core/modules/content_moderation/config/schema/content_moderation.views.schema.yml
[39m
[33mpatching file core/modules/content_moderation/src/Plugin/views/filter/ModerationStateFilter.php
[39m
[33mcan't find file to patch at input line 326
Perhaps you used the wrong -p or --strip option?
The text leading up to this was:
--------------------------
|diff --git a/core/modules/content_moderation/src/ViewsData.php b/core/modules/content_moderation/src/ViewsData.php
|index 57d6d76..0325db0 100644
|--- a/core/modules/content_moderation/src/ViewsData.php
|+++ b/core/modules/content_moderation/src/ViewsData.php
--------------------------
File to patch: 
Skip this patch? [y] 
Skipping patch.
[39m
[33m2 out of 2 hunks ignored
[39m
[33mpatching file core/modules/content_moderation/tests/modules/content_moderation_test_views/config/install/views.view.test_content_moderation_state_filter.yml
[39m
[33mpatching file core/modules/content_moderation/tests/modules/content_moderation_test_views/config/install/views.view.test_content_moderation_state_filter_entity_test.yml
[39m
[33mpatching file core/modules/content_moderation/tests/modules/content_moderation_test_views/config/install/views.view.test_content_moderation_state_filter_revision_table.yml
[39m
[33mcan't find file to patch at input line 983
Perhaps you used the wrong -p or --strip option?
The text leading up to this was:
--------------------------
[39m
[33m|diff --git a/core/modules/content_moderation/tests/modules/content_moderation_test_views/content_moderation_test_views.info.yml b/core/modules/content_moderation/tests/modules/content_moderation_test_views/content_moderation_test_views.info.yml
|index b96ef84..e3d37c3 100644
|--- a/core/modules/content_moderation/tests/modules/content_moderation_test_views/content_moderation_test_views.info.yml
|+++ b/core/modules/content_moderation/tests/modules/content_moderation_test_views/content_moderation_test_views.info.yml
--------------------------
File to patch: 
Skip this patch? [y] 
Skipping patch.
[39m
[33m1 out of 1 hunk ignored
[39m
[33mpatching file core/modules/content_moderation/tests/src/Functional/ViewsModerationStateFilterTest.php
[39m
[33mpatching file core/modules/content_moderation/tests/src/Kernel/ViewsModerationStateFilterTest.php
[39m
[33mcan't find file to patch at input line 1560
Perhaps you used the wrong -p or --strip option?
The text leading up to this was:
--------------------------
[39m
[33m|diff --git a/core/modules/system/tests/modules/entity_test/src/Entity/EntityTestNoBundle.php b/core/modules/system/tests/modules/entity_test/src/Entity/EntityTestNoBundle.php
|index 5907021..0369a64 100644
|--- a/core/modules/system/tests/modules/entity_test/src/Entity/EntityTestNoBundle.php
|+++ b/core/modules/system/tests/modules/entity_test/src/Entity/EntityTestNoBundle.php
--------------------------
File to patch: 
Skip this patch? [y] 
Skipping patch.
[39m
[33m1 out of 1 hunk ignored
[39m
[33mcan't find file to patch at input line 1574
Perhaps you used the wrong -p or --strip option?
The text leading up to this was:
--------------------------
|diff --git a/core/modules/views/src/Plugin/views/filter/InOperator.php b/core/modules/views/src/Plugin/views/filter/InOperator.php
|index cff42b9..1e6682d 100644
|--- a/core/modules/views/src/Plugin/views/filter/InOperator.php
|+++ b/core/modules/views/src/Plugin/views/filter/InOperator.php
--------------------------
File to patch: 
Skip this patch? [y] 
Skipping patch.
[39m
[33m1 out of 1 hunk ignored
[39m
[33mcan't find file to patch at input line 1589
Perhaps you used the wrong -p or --strip option?
The text leading up to this was:
--------------------------
|diff --git a/core/modules/workflows/src/WorkflowTypeInterface.php b/core/modules/workflows/src/WorkflowTypeInterface.php
|index 7509e7c..0cb47a4 100644
|--- a/core/modules/workflows/src/WorkflowTypeInterface.php
|+++ b/core/modules/workflows/src/WorkflowTypeInterface.php
--------------------------
File to patch: 
Skip this patch? [y] 
Skipping patch.
[39m
[33m1 out of 1 hunk ignored
[39m
[33mpatch '-p0' --no-backup-if-mismatch -d 'web/core' < '/var/folders/56/3lq570yx4ln1j2mjw_rgf4_80000gn/T/5a290b09263ad.patch'[39m
[33mpatching file b/core/modules/content_moderation/config/schema/content_moderation.views.schema.yml
[39m
[33mpatching file b/core/modules/content_moderation/src/Plugin/views/filter/ModerationStateFilter.php
[39m
[33mcan't find file to patch at input line 326
Perhaps you used the wrong -p or --strip option?
The text leading up to this was:
--------------------------
[39m
[33m|diff --git a/core/modules/content_moderation/src/ViewsData.php b/core/modules/content_moderation/src/ViewsData.php
|index 57d6d76..0325db0 100644
|--- a/core/modules/content_moderation/src/ViewsData.php
|+++ b/core/modules/content_moderation/src/ViewsData.php
--------------------------
File to patch: 
Skip this patch? [y] 
Skipping patch.
[39m
[33m2 out of 2 hunks ignored
[39m
[33mpatching file b/core/modules/content_moderation/tests/modules/content_moderation_test_views/config/install/views.view.test_content_moderation_state_filter.yml
[39m
[33mpatching file b/core/modules/content_moderation/tests/modules/content_moderation_test_views/config/install/views.view.test_content_moderation_state_filter_entity_test.yml
[39m
[33mpatching file b/core/modules/content_moderation/tests/modules/content_moderation_test_views/config/install/views.view.test_content_moderation_state_filter_revision_table.yml
[39m
[33mcan't find file to patch at input line 983
Perhaps you used the wrong -p or --strip option?
The text leading up to this was:
--------------------------
[39m
[33m|diff --git a/core/modules/content_moderation/tests/modules/content_moderation_test_views/content_moderation_test_views.info.yml b/core/modules/content_moderation/tests/modules/content_moderation_test_views/content_moderation_test_views.info.yml
|index b96ef84..e3d37c3 100644
|--- a/core/modules/content_moderation/tests/modules/content_moderation_test_views/content_moderation_test_views.info.yml
|+++ b/core/modules/content_moderation/tests/modules/content_moderation_test_views/content_moderation_test_views.info.yml
--------------------------
File to patch: 
Skip this patch? [y] 
Skipping patch.
[39m
[33m1 out of 1 hunk ignored
[39m
[33mpatching file b/core/modules/content_moderation/tests/src/Functional/ViewsModerationStateFilterTest.php
[39m
[33mpatching file b/core/modules/content_moderation/tests/src/Kernel/ViewsModerationStateFilterTest.php
[39m
[33mcan't find file to patch at input line 1560
Perhaps you used the wrong -p or --strip option?
The text leading up to this was:
--------------------------
[39m
[33m|diff --git a/core/modules/system/tests/modules/entity_test/src/Entity/EntityTestNoBundle.php b/core/modules/system/tests/modules/entity_test/src/Entity/EntityTestNoBundle.php
|index 5907021..0369a64 100644
|--- a/core/modules/system/tests/modules/entity_test/src/Entity/EntityTestNoBundle.php
|+++ b/core/modules/system/tests/modules/entity_test/src/Entity/EntityTestNoBundle.php
--------------------------
File to patch: 
Skip this patch? [y] 
Skipping patch.
[39m
[33m1 out of 1 hunk ignored
[39m
[33mcan't find file to patch at input line 1574
Perhaps you used the wrong -p or --strip option?
The text leading up to this was:
--------------------------
|diff --git a/core/modules/views/src/Plugin/views/filter/InOperator.php b/core/modules/views/src/Plugin/views/filter/InOperator.php
|index cff42b9..1e6682d 100644
|--- a/core/modules/views/src/Plugin/views/filter/InOperator.php
|+++ b/core/modules/views/src/Plugin/views/filter/InOperator.php
--------------------------
File to patch: 
Skip this patch? [y] 
Skipping patch.
[39m
[33m1 out of 1 hunk ignored
[39m
[33mcan't find file to patch at input line 1589
Perhaps you used the wrong -p or --strip option?
The text leading up to this was:
--------------------------
|diff --git a/core/modules/workflows/src/WorkflowTypeInterface.php b/core/modules/workflows/src/WorkflowTypeInterface.php
|index 7509e7c..0cb47a4 100644
|--- a/core/modules/workflows/src/WorkflowTypeInterface.php
|+++ b/core/modules/workflows/src/WorkflowTypeInterface.php
--------------------------
File to patch: 
Skip this patch? [y] 
Skipping patch.
[39m
[33m1 out of 1 hunk ignored
[39m
[33mpatch '-p2' --no-backup-if-mismatch -d 'web/core' < '/var/folders/56/3lq570yx4ln1j2mjw_rgf4_80000gn/T/5a290b09263ad.patch'[39m
[33mpatching file modules/content_moderation/config/schema/content_moderation.views.schema.yml
[39m
[33mpatching file modules/content_moderation/src/Plugin/views/filter/ModerationStateFilter.php
[39m
[33mpatching file modules/content_moderation/src/ViewsData.php
[39m
[33mpatching file modules/content_moderation/tests/modules/content_moderation_test_views/config/install/views.view.test_content_moderation_state_filter.yml
[39m
[33mpatching file modules/content_moderation/tests/modules/content_moderation_test_views/config/install/views.view.test_content_moderation_state_filter_entity_test.yml
[39m
[33mpatching file modules/content_moderation/tests/modules/content_moderation_test_views/config/install/views.view.test_content_moderation_state_filter_revision_table.yml
[39m
[33mpatching file modules/content_moderation/tests/modules/content_moderation_test_views/content_moderation_test_views.info.yml
[39m
[33mpatching file modules/content_moderation/tests/src/Functional/ViewsModerationStateFilterTest.php
[39m
[33mpatching file modules/content_moderation/tests/src/Kernel/ViewsModerationStateFilterTest.php
[39m
[33mpatching file modules/system/tests/modules/entity_test/src/Entity/EntityTestNoBundle.php
[39m
[33mpatching file modules/views/src/Plugin/views/filter/InOperator.php
[39m
[33mpatching file modules/workflows/src/WorkflowTypeInterface.php
[39m
    [32mhttps://www.drupal.org/files/issues/2815221-69-8.4.x.patch[39m ([33m2815221 - Add quickedit to the latest-revision route[39m)
[33mTesting ability to patch with git apply. This command may produce errors that can be safely ignored.[39m
[33mgit -C 'web/core' apply --check -v '-p1' '/var/folders/56/3lq570yx4ln1j2mjw_rgf4_80000gn/T/5a290b0982db4.patch'[39m
[37;41mSkipped patch 'core/lib/Drupal/Core/Entity/ContentEntityBase.php'.
Skipped patch 'core/lib/Drupal/Core/Entity/RevisionableInterface.php'.
Skipped patch 'core/modules/content_moderation/content_moderation.services.yml'.
Skipped patch 'core/modules/editor/editor.routing.yml'.
Skipped patch 'core/modules/image/image.routing.yml'.
Skipped patch 'core/modules/node/src/NodeViewBuilder.php'.
Skipped patch 'core/modules/quickedit/quickedit.routing.yml'.
Skipped patch 'core/modules/quickedit/tests/src/FunctionalJavascript/QuickEditContentModerationTest.php'.
[39;49m
[33mTesting ability to patch with git apply. This command may produce errors that can be safely ignored.[39m
[33mgit -C 'web/core' apply --check -v '-p0' '/var/folders/56/3lq570yx4ln1j2mjw_rgf4_80000gn/T/5a290b0982db4.patch'[39m
[37;41mSkipped patch 'a/core/lib/Drupal/Core/Entity/ContentEntityBase.php => b/core/lib/Drupal/Core/Entity/ContentEntityBase.php'.
Skipped patch 'a/core/lib/Drupal/Core/Entity/RevisionableInterface.php => b/core/lib/Drupal/Core/Entity/RevisionableInterface.php'.
Skipped patch 'a/core/modules/content_moderation/content_moderation.services.yml => b/core/modules/content_moderation/content_moderation.services.yml'.
Skipped patch 'a/core/modules/editor/editor.routing.yml => b/core/modules/editor/editor.routing.yml'.
Skipped patch 'a/core/modules/image/image.routing.yml => b/core/modules/image/image.routing.yml'.
Skipped patch 'a/core/modules/node/src/NodeViewBuilder.php => b/core/modules/node/src/NodeViewBuilder.php'.
Skipped patch 'a/core/modules/quickedit/quickedit.routing.yml => b/core/modules/quickedit/quickedit.routing.yml'.
Skipped patch 'b/core/modules/quickedit/tests/src/FunctionalJavascript/QuickEditContentModerationTest.php'.
[39;49m
[33mTesting ability to patch with git apply. This command may produce errors that can be safely ignored.[39m
[33mgit -C 'web/core' apply --check -v '-p2' '/var/folders/56/3lq570yx4ln1j2mjw_rgf4_80000gn/T/5a290b0982db4.patch'[39m
[37;41mSkipped patch 'lib/Drupal/Core/Entity/ContentEntityBase.php'.
Skipped patch 'lib/Drupal/Core/Entity/RevisionableInterface.php'.
Skipped patch 'modules/content_moderation/content_moderation.services.yml'.
Skipped patch 'modules/editor/editor.routing.yml'.
Skipped patch 'modules/image/image.routing.yml'.
Skipped patch 'modules/node/src/NodeViewBuilder.php'.
Skipped patch 'modules/quickedit/quickedit.routing.yml'.
Skipped patch 'modules/quickedit/tests/src/FunctionalJavascript/QuickEditContentModerationTest.php'.
[39;49m
[33mTesting ability to patch with git apply. This command may produce errors that can be safely ignored.[39m
[33mgit -C 'web/core' apply --check -v '-p4' '/var/folders/56/3lq570yx4ln1j2mjw_rgf4_80000gn/T/5a290b0982db4.patch'[39m
[37;41mSkipped patch 'Core/Entity/ContentEntityBase.php'.
Skipped patch 'Core/Entity/RevisionableInterface.php'.
Skipped patch 'content_moderation.services.yml'.
Skipped patch 'editor.routing.yml'.
Skipped patch 'image.routing.yml'.
Skipped patch 'src/NodeViewBuilder.php'.
Skipped patch 'quickedit.routing.yml'.
Skipped patch 'tests/src/FunctionalJavascript/QuickEditContentModerationTest.php'.
[39;49m
[33mpatch '-p1' --no-backup-if-mismatch -d 'web/core' < '/var/folders/56/3lq570yx4ln1j2mjw_rgf4_80000gn/T/5a290b0982db4.patch'[39m
[33mcan't find file to patch at input line 5
Perhaps you used the wrong -p or --strip option?
The text leading up to this was:
--------------------------
|diff --git a/core/lib/Drupal/Core/Entity/ContentEntityBase.php b/core/lib/Drupal/Core/Entity/ContentEntityBase.php
|index 2c62589fa2..914db25130 100644
|--- a/core/lib/Drupal/Core/Entity/ContentEntityBase.php
|+++ b/core/lib/Drupal/Core/Entity/ContentEntityBase.php
--------------------------
File to patch: 
Skip this patch? [y] 
Skipping patch.
[39m
[33m1 out of 1 hunk ignored
can't find file to patch at input line 40
Perhaps you used the wrong -p or --strip option?
The text leading up to this was:
--------------------------
|diff --git a/core/lib/Drupal/Core/Entity/RevisionableInterface.php b/core/lib/Drupal/Core/Entity/RevisionableInterface.php
|index 14690e3c54..3a38af7f82 100644
|--- a/core/lib/Drupal/Core/Entity/RevisionableInterface.php
|+++ b/core/lib/Drupal/Core/Entity/RevisionableInterface.php
--------------------------
File to patch: 
Skip this patch? [y] 
Skipping patch.
[39m
[33m1 out of 1 hunk ignored
can't find file to patch at input line 65
Perhaps you used the wrong -p or --strip option?
The text leading up to this was:
--------------------------
[39m
[33m|diff --git a/core/modules/content_moderation/content_moderation.services.yml b/core/modules/content_moderation/content_moderation.services.yml
|index 5035b673c5..aea2c6286f 100644
|--- a/core/modules/content_moderation/content_moderation.services.yml
|+++ b/core/modules/content_moderation/content_moderation.services.yml
--------------------------
File to patch: 
Skip this patch? [y] 
Skipping patch.
[39m
[33m1 out of 1 hunk ignored
can't find file to patch at input line 78
Perhaps you used the wrong -p or --strip option?
The text leading up to this was:
--------------------------
[39m
[33m|diff --git a/core/modules/editor/editor.routing.yml b/core/modules/editor/editor.routing.yml
|index 0c5b2249bb..b44e3ffedc 100644
|--- a/core/modules/editor/editor.routing.yml
|+++ b/core/modules/editor/editor.routing.yml
--------------------------
File to patch: 
Skip this patch? [y] 
Skipping patch.
[39m
[33m1 out of 1 hunk ignored
[39m
[33mcan't find file to patch at input line 90
Perhaps you used the wrong -p or --strip option?
The text leading up to this was:
--------------------------
|diff --git a/core/modules/image/image.routing.yml b/core/modules/image/image.routing.yml
|index 4a0cb88a83..ad0e785252 100644
|--- a/core/modules/image/image.routing.yml
|+++ b/core/modules/image/image.routing.yml
--------------------------
File to patch: 
Skip this patch? [y] 
Skipping patch.
[39m
[33m1 out of 1 hunk ignored
[39m
[33mcan't find file to patch at input line 102
Perhaps you used the wrong -p or --strip option?
The text leading up to this was:
--------------------------
|diff --git a/core/modules/node/src/NodeViewBuilder.php b/core/modules/node/src/NodeViewBuilder.php
|index f0971fb3bb..ef7ac94fed 100644
|--- a/core/modules/node/src/NodeViewBuilder.php
|+++ b/core/modules/node/src/NodeViewBuilder.php
--------------------------
File to patch: 
Skip this patch? [y] 
Skipping patch.
[39m
[33m1 out of 1 hunk ignored
can't find file to patch at input line 115
Perhaps you used the wrong -p or --strip option?
The text leading up to this was:
--------------------------
[39m
[33m|diff --git a/core/modules/quickedit/quickedit.routing.yml b/core/modules/quickedit/quickedit.routing.yml
|index af22056cb7..5db28a8cd8 100644
|--- a/core/modules/quickedit/quickedit.routing.yml
|+++ b/core/modules/quickedit/quickedit.routing.yml
--------------------------
File to patch: 
Skip this patch? [y] 
Skipping patch.
[39m
[33m2 out of 2 hunks ignored
[39m
[33mpatching file core/modules/quickedit/tests/src/FunctionalJavascript/QuickEditContentModerationTest.php
[39m
[33mpatch '-p0' --no-backup-if-mismatch -d 'web/core' < '/var/folders/56/3lq570yx4ln1j2mjw_rgf4_80000gn/T/5a290b0982db4.patch'[39m
[33mcan't find file to patch at input line 5
Perhaps you used the wrong -p or --strip option?
The text leading up to this was:
--------------------------
|diff --git a/core/lib/Drupal/Core/Entity/ContentEntityBase.php b/core/lib/Drupal/Core/Entity/ContentEntityBase.php
|index 2c62589fa2..914db25130 100644
|--- a/core/lib/Drupal/Core/Entity/ContentEntityBase.php
|+++ b/core/lib/Drupal/Core/Entity/ContentEntityBase.php
--------------------------
File to patch: 
Skip this patch? [y] 
Skipping patch.
[39m
[33m1 out of 1 hunk ignored
can't find file to patch at input line 40
Perhaps you used the wrong -p or --strip option?
The text leading up to this was:
--------------------------
|diff --git a/core/lib/Drupal/Core/Entity/RevisionableInterface.php b/core/lib/Drupal/Core/Entity/RevisionableInterface.php
|index 14690e3c54..3a38af7f82 100644
|--- a/core/lib/Drupal/Core/Entity/RevisionableInterface.php
|+++ b/core/lib/Drupal/Core/Entity/RevisionableInterface.php
--------------------------
File to patch: 
Skip this patch? [y] 
Skipping patch.
[39m
[33m1 out of 1 hunk ignored
[39m
[33mcan't find file to patch at input line 65
Perhaps you used the wrong -p or --strip option?
The text leading up to this was:
--------------------------
|diff --git a/core/modules/content_moderation/content_moderation.services.yml b/core/modules/content_moderation/content_moderation.services.yml
|index 5035b673c5..aea2c6286f 100644
|--- a/core/modules/content_moderation/content_moderation.services.yml
|+++ b/core/modules/content_moderation/content_moderation.services.yml
--------------------------
File to patch: 
Skip this patch? [y] 
Skipping patch.
[39m
[33m1 out of 1 hunk ignored
[39m
[33mcan't find file to patch at input line 78
Perhaps you used the wrong -p or --strip option?
The text leading up to this was:
--------------------------
|diff --git a/core/modules/editor/editor.routing.yml b/core/modules/editor/editor.routing.yml
|index 0c5b2249bb..b44e3ffedc 100644
|--- a/core/modules/editor/editor.routing.yml
|+++ b/core/modules/editor/editor.routing.yml
--------------------------
File to patch: 
Skip this patch? [y] 
Skipping patch.
[39m
[33m1 out of 1 hunk ignored
[39m
[33mcan't find file to patch at input line 90
Perhaps you used the wrong -p or --strip option?
The text leading up to this was:
--------------------------
|diff --git a/core/modules/image/image.routing.yml b/core/modules/image/image.routing.yml
|index 4a0cb88a83..ad0e785252 100644
|--- a/core/modules/image/image.routing.yml
|+++ b/core/modules/image/image.routing.yml
--------------------------
File to patch: 
Skip this patch? [y] 
Skipping patch.
[39m
[33m1 out of 1 hunk ignored
[39m
[33mcan't find file to patch at input line 102
Perhaps you used the wrong -p or --strip option?
The text leading up to this was:
--------------------------
|diff --git a/core/modules/node/src/NodeViewBuilder.php b/core/modules/node/src/NodeViewBuilder.php
|index f0971fb3bb..ef7ac94fed 100644
|--- a/core/modules/node/src/NodeViewBuilder.php
|+++ b/core/modules/node/src/NodeViewBuilder.php
--------------------------
File to patch: 
Skip this patch? [y] 
Skipping patch.
[39m
[33m1 out of 1 hunk ignored
[39m
[33mcan't find file to patch at input line 115
Perhaps you used the wrong -p or --strip option?
The text leading up to this was:
--------------------------
|diff --git a/core/modules/quickedit/quickedit.routing.yml b/core/modules/quickedit/quickedit.routing.yml
|index af22056cb7..5db28a8cd8 100644
|--- a/core/modules/quickedit/quickedit.routing.yml
|+++ b/core/modules/quickedit/quickedit.routing.yml
--------------------------
File to patch: 
Skip this patch? [y] 
Skipping patch.
[39m
[33m2 out of 2 hunks ignored
[39m
[33mpatching file b/core/modules/quickedit/tests/src/FunctionalJavascript/QuickEditContentModerationTest.php
[39m
[33mpatch '-p2' --no-backup-if-mismatch -d 'web/core' < '/var/folders/56/3lq570yx4ln1j2mjw_rgf4_80000gn/T/5a290b0982db4.patch'[39m
[33mpatching file lib/Drupal/Core/Entity/ContentEntityBase.php
[39m
[33mpatching file lib/Drupal/Core/Entity/RevisionableInterface.php
[39m
[33mpatching file modules/content_moderation/content_moderation.services.yml
[39m
[33mpatching file modules/editor/editor.routing.yml
[39m
[33mpatching file modules/image/image.routing.yml
[39m
[33mpatching file modules/node/src/NodeViewBuilder.php
[39m
[33mpatching file modules/quickedit/quickedit.routing.yml
[39m
[33mpatching file modules/quickedit/tests/src/FunctionalJavascript/QuickEditContentModerationTest.php
[39m

[32mPatches already gathered. Skipping[39m
[32mNo patches found for phpdocumentor/reflection-docblock.[39m
[32mPatches already gathered. Skipping[39m
[32mNo patches found for pear/console_table.[39m
[32mPatches already gathered. Skipping[39m
[32mNo patches found for consolidation/output-formatters.[39m
[32mPatches already gathered. Skipping[39m
[32mNo patches found for consolidation/annotated-command.[39m
[32mPatches already gathered. Skipping[39m
[32mNo patches found for drush/drush.[39m
[32mPatches already gathered. Skipping[39m
[32mNo patches found for symfony/browser-kit.[39m
[32mPatches already gathered. Skipping[39m
[32mNo patches found for fabpot/goutte.[39m
[32mPatches already gathered. Skipping[39m
[32mNo patches found for behat/mink.[39m
[32mPatches already gathered. Skipping[39m
[32mNo patches found for behat/mink-browserkit-driver.[39m
[32mPatches already gathered. Skipping[39m
[32mNo patches found for behat/mink-goutte-driver.[39m
[32mPatches already gathered. Skipping[39m
[32mNo patches found for jcalderonzumba/gastonjs.[39m
[32mPatches already gathered. Skipping[39m
[32mNo patches found for jcalderonzumba/mink-phantomjs-driver.[39m
[32mPatches already gathered. Skipping[39m
[32mNo patches found for mikey179/vfsstream.[39m
[32mPatches already gathered. Skipping[39m
[32mNo patches found for sebastian/version.[39m
[32mPatches already gathered. Skipping[39m
[32mNo patches found for sebastian/global-state.[39m
[32mPatches already gathered. Skipping[39m
[32mNo patches found for sebastian/recursion-context.[39m
[32mPatches already gathered. Skipping[39m
[32mNo patches found for sebastian/exporter.[39m
[32mPatches already gathered. Skipping[39m
[32mNo patches found for sebastian/environment.[39m
[32mPatches already gathered. Skipping[39m
[32mNo patches found for sebastian/diff.[39m
[32mPatches already gathered. Skipping[39m
[32mNo patches found for sebastian/comparator.[39m
[32mPatches already gathered. Skipping[39m
[32mNo patches found for doctrine/instantiator.[39m
[32mPatches already gathered. Skipping[39m
[32mNo patches found for phpunit/php-text-template.[39m
[32mPatches already gathered. Skipping[39m
[32mNo patches found for phpunit/phpunit-mock-objects.[39m
[32mPatches already gathered. Skipping[39m
[32mNo patches found for phpunit/php-timer.[39m
[32mPatches already gathered. Skipping[39m
[32mNo patches found for phpunit/php-file-iterator.[39m
[32mPatches already gathered. Skipping[39m
[32mNo patches found for phpunit/php-token-stream.[39m
[32mPatches already gathered. Skipping[39m
[32mNo patches found for phpunit/php-code-coverage.[39m
[32mPatches already gathered. Skipping[39m
[32mNo patches found for phpspec/prophecy.[39m
[32mPatches already gathered. Skipping[39m
[32mNo patches found for phpunit/phpunit.[39m
[32mCreating packages services cache file: [39m
/Users/william/Repositories/sandbox/composer-patch-test/vendor/drupal/console/extend.console.uninstall.services.yml
Create a sites/default/settings.php file with chmod 0666
Create a sites/default/files directory with chmod 0777
